#
# There is insufficient memory for the Java Runtime Environment to continue.
# Native memory allocation (malloc) failed to allocate 1702256 bytes for Chunk::new
# Possible reasons:
#   The system is out of physical RAM or swap space
#   The process is running with CompressedOops enabled, and the Java Heap may be blocking the growth of the native heap
# Possible solutions:
#   Reduce memory load on the system
#   Increase physical memory or swap space
#   Check if swap backing store is full
#   Decrease Java heap size (-Xmx/-Xms)
#   Decrease number of Java threads
#   Decrease Java thread stack sizes (-Xss)
#   Set larger code cache with -XX:ReservedCodeCacheSize=
#   JVM is running with Unscaled Compressed Oops mode in which the Java heap is
#     placed in the first 4GB address space. The Java Heap base address is the
#     maximum limit for the native heap growth. Please use -XX:HeapBaseMinAddress
#     to set the Java Heap base and to place the Java Heap above 4GB virtual address.
# This output file may be truncated or incomplete.
#
#  Out of Memory Error (./src/hotspot/share/memory/arena.cpp:197), pid=11620, tid=8496
#
# JRE version: OpenJDK Runtime Environment (11.0.11+9) (build 11.0.11+9-b60-7590822)
# Java VM: OpenJDK 64-Bit Server VM (11.0.11+9-b60-7590822, mixed mode, tiered, compressed oops, g1 gc, windows-amd64)
# No core dump will be written. Minidumps are not enabled by default on client versions of Windows
#

---------------  S U M M A R Y ------------

Command Line: --add-opens=java.base/java.util=ALL-UNNAMED --add-opens=java.base/java.lang=ALL-UNNAMED --add-opens=java.base/java.lang.invoke=ALL-UNNAMED --add-opens=java.base/java.util=ALL-UNNAMED --add-opens=java.prefs/java.util.prefs=ALL-UNNAMED --add-opens=java.prefs/java.util.prefs=ALL-UNNAMED --add-opens=java.base/java.nio.charset=ALL-UNNAMED --add-opens=java.base/java.net=ALL-UNNAMED --add-opens=java.base/java.util.concurrent.atomic=ALL-UNNAMED -Xmx2048m -Dfile.encoding=UTF-8 -Duser.country=US -Duser.language=en -Duser.variant org.gradle.launcher.daemon.bootstrap.GradleDaemon 7.2

Host: Intel(R) Core(TM) i5-3470 CPU @ 3.20GHz, 4 cores, 15G,  Windows 10 , 64 bit Build 18362 (10.0.18362.1110)
Time: Thu Apr 28 20:08:54 2022 FLE Daylight Time elapsed time: 24.522721 seconds (0d 0h 0m 24s)

---------------  T H R E A D  ---------------

Current thread (0x000002967344e800):  JavaThread "C2 CompilerThread1" daemon [_thread_in_native, id=8496, stack(0x000000f98da00000,0x000000f98db00000)]


Current CompileTask:
C2:  24522 14038       4       com.android.tools.r8.dex.r::m (2110 bytes)

Stack: [0x000000f98da00000,0x000000f98db00000]
Native frames: (J=compiled Java code, j=interpreted, Vv=VM code, C=native code)
V  [jvm.dll+0x5f214a]
V  [jvm.dll+0x726fb5]
V  [jvm.dll+0x7285cd]
V  [jvm.dll+0x728c83]
V  [jvm.dll+0x243278]
V  [jvm.dll+0xbc53c]
V  [jvm.dll+0xbca3c]
V  [jvm.dll+0x353e7d]
V  [jvm.dll+0x321893]
V  [jvm.dll+0x320d8a]
V  [jvm.dll+0x1fc1e2]
V  [jvm.dll+0x1fb3d4]
V  [jvm.dll+0x183d6c]
V  [jvm.dll+0x209a57]
V  [jvm.dll+0x2082a1]
V  [jvm.dll+0x6ef58f]
V  [jvm.dll+0x6e80b5]
V  [jvm.dll+0x5f1036]
C  [ucrtbase.dll+0x210b2]
C  [KERNEL32.DLL+0x17c24]
C  [ntdll.dll+0x6cea1]


---------------  P R O C E S S  ---------------

Threads class SMR info:
_java_thread_list=0x000002966f4feb30, length=97, elements={
0x0000029651930000, 0x000002966bd84000, 0x000002966bd85800, 0x000002966bdc2000,
0x000002966bdc3000, 0x000002966bdc4800, 0x000002966bdc9800, 0x000002966be37000,
0x000002966be3b800, 0x000002966bf74000, 0x000002966df6c800, 0x000002966d805000,
0x000002966ebe7800, 0x000002966ee79800, 0x000002966ee7a800, 0x000002966d812800,
0x000002966c556000, 0x000002966c557000, 0x000002966cf99000, 0x000002966df71800,
0x000002966df72000, 0x000002966df6e000, 0x000002966df6f000, 0x000002966df6f800,
0x000002966df73000, 0x000002966df70800, 0x000002966df6d800, 0x000002966df74000,
0x000002966e9d5000, 0x000002966e9cf000, 0x000002966e9d0000, 0x000002966e9d9000,
0x000002966e9d3000, 0x000002966e9d9800, 0x000002966e9d7800, 0x000002966e9da800,
0x000002966e9dc000, 0x000002966e9db800, 0x000002966e9dd000, 0x000002966e9de000,
0x0000029672b83800, 0x0000029672b7e000, 0x0000029672b84800, 0x0000029672b82800,
0x0000029672b82000, 0x0000029672b7e800, 0x0000029672b85000, 0x0000029672b7f800,
0x0000029672b86000, 0x0000029672b81000, 0x0000029672b80000, 0x0000029672b88800,
0x0000029672b89000, 0x0000029672b8a000, 0x0000029672b87800, 0x0000029672b8b000,
0x0000029672b8c800, 0x0000029672b8b800, 0x0000029672b87000, 0x000002966f5c2800,
0x000002966f5c1000, 0x000002966f5c2000, 0x000002966f5c5000, 0x000002966f5bf800,
0x000002966f5c3800, 0x000002966f5c4000, 0x000002966f5c6000, 0x000002966f5c0000,
0x000002966f5c8800, 0x000002966f5c9000, 0x000002966f5c7800, 0x000002966f5ca000,
0x000002966f5ca800, 0x000002966f5cc800, 0x000002966f5cb800, 0x000002966f5c6800,
0x000002966f5cd000, 0x0000029673446800, 0x000002967344a800, 0x000002967344b800,
0x0000029673445800, 0x000002967344c800, 0x000002967344d000, 0x000002967344e000,
0x0000029673448000, 0x0000029673450800, 0x000002967344e800, 0x0000029673449000,
0x0000029673452000, 0x0000029673453000, 0x0000029673453800, 0x0000029673454800,
0x00000296736d7800, 0x00000296736d6000, 0x00000296736d8800, 0x00000296736d9000,
0x00000296736d6800
}

Java Threads: ( => current thread )
  0x0000029651930000 JavaThread "main" [_thread_blocked, id=4752, stack(0x000000f98b900000,0x000000f98ba00000)]
  0x000002966bd84000 JavaThread "Reference Handler" daemon [_thread_blocked, id=10588, stack(0x000000f98c000000,0x000000f98c100000)]
  0x000002966bd85800 JavaThread "Finalizer" daemon [_thread_blocked, id=11736, stack(0x000000f98c100000,0x000000f98c200000)]
  0x000002966bdc2000 JavaThread "Signal Dispatcher" daemon [_thread_blocked, id=10952, stack(0x000000f98c200000,0x000000f98c300000)]
  0x000002966bdc3000 JavaThread "Attach Listener" daemon [_thread_blocked, id=11840, stack(0x000000f98c300000,0x000000f98c400000)]
  0x000002966bdc4800 JavaThread "Service Thread" daemon [_thread_blocked, id=3728, stack(0x000000f98c400000,0x000000f98c500000)]
  0x000002966bdc9800 JavaThread "C2 CompilerThread0" daemon [_thread_in_native, id=2972, stack(0x000000f98c500000,0x000000f98c600000)]
  0x000002966be37000 JavaThread "C1 CompilerThread0" daemon [_thread_blocked, id=11064, stack(0x000000f98c600000,0x000000f98c700000)]
  0x000002966be3b800 JavaThread "Sweeper thread" daemon [_thread_blocked, id=7784, stack(0x000000f98c700000,0x000000f98c800000)]
  0x000002966bf74000 JavaThread "Common-Cleaner" daemon [_thread_blocked, id=12072, stack(0x000000f98c800000,0x000000f98c900000)]
  0x000002966df6c800 JavaThread "Daemon health stats" [_thread_blocked, id=6372, stack(0x000000f98ce00000,0x000000f98cf00000)]
  0x000002966d805000 JavaThread "Incoming local TCP Connector on port 55644" [_thread_in_native, id=12140, stack(0x000000f98ca00000,0x000000f98cb00000)]
  0x000002966ebe7800 JavaThread "Daemon periodic checks" [_thread_blocked, id=6108, stack(0x000000f98cf00000,0x000000f98d000000)]
  0x000002966ee79800 JavaThread "Daemon" [_thread_blocked, id=10540, stack(0x000000f98d000000,0x000000f98d100000)]
  0x000002966ee7a800 JavaThread "Handler for socket connection from /127.0.0.1:55644 to /127.0.0.1:55646" [_thread_in_native, id=10096, stack(0x000000f98d100000,0x000000f98d200000)]
  0x000002966d812800 JavaThread "Cancel handler" [_thread_blocked, id=2992, stack(0x000000f98d200000,0x000000f98d300000)]
  0x000002966c556000 JavaThread "Daemon worker" [_thread_blocked, id=10844, stack(0x000000f98d300000,0x000000f98d400000)]
  0x000002966c557000 JavaThread "Asynchronous log dispatcher for DefaultDaemonConnection: socket connection from /127.0.0.1:55644 to /127.0.0.1:55646" [_thread_blocked, id=5148, stack(0x000000f98d400000,0x000000f98d500000)]
  0x000002966cf99000 JavaThread "Stdin handler" [_thread_blocked, id=9204, stack(0x000000f98d500000,0x000000f98d600000)]
  0x000002966df71800 JavaThread "Daemon client event forwarder" [_thread_blocked, id=12224, stack(0x000000f98d600000,0x000000f98d700000)]
  0x000002966df72000 JavaThread "Cache worker for journal cache (C:\Users\user\.gradle\caches\journal-1)" [_thread_blocked, id=2432, stack(0x000000f98d700000,0x000000f98d800000)]
  0x000002966df6e000 JavaThread "File lock request listener" [_thread_in_native, id=10772, stack(0x000000f98d800000,0x000000f98d900000)]
  0x000002966df6f000 JavaThread "Cache worker for file hash cache (C:\Users\user\.gradle\caches\7.2\fileHashes)" [_thread_blocked, id=6416, stack(0x000000f98d900000,0x000000f98da00000)]
  0x000002966df6f800 JavaThread "Cache worker for file hash cache (C:\Users\user\Desktop\STEP (part2)\Android\04\Practice\Practice\.gradle\7.2\fileHashes)" [_thread_in_native, id=2168, stack(0x000000f98db00000,0x000000f98dc00000)]
  0x000002966df73000 JavaThread "File watcher server" daemon [_thread_in_native, id=2524, stack(0x000000f98dc00000,0x000000f98dd00000)]
  0x000002966df70800 JavaThread "File watcher consumer" daemon [_thread_blocked, id=5980, stack(0x000000f98dd00000,0x000000f98de00000)]
  0x000002966df6d800 JavaThread "Cache worker for checksums cache (C:\Users\user\Desktop\STEP (part2)\Android\04\Practice\Practice\.gradle\checksums)" [_thread_blocked, id=12036, stack(0x000000f98de00000,0x000000f98df00000)]
  0x000002966df74000 JavaThread "Cache worker for cache directory md-supplier (C:\Users\user\.gradle\caches\7.2\md-supplier)" [_thread_blocked, id=7172, stack(0x000000f98df00000,0x000000f98e000000)]
  0x000002966e9d5000 JavaThread "Cache worker for cache directory md-rule (C:\Users\user\.gradle\caches\7.2\md-rule)" [_thread_blocked, id=12024, stack(0x000000f98e000000,0x000000f98e100000)]
  0x000002966e9cf000 JavaThread "Cache worker for execution history cache (C:\Users\user\.gradle\caches\7.2\executionHistory)" [_thread_blocked, id=2652, stack(0x000000f98e100000,0x000000f98e200000)]
  0x000002966e9d0000 JavaThread "jar transforms" [_thread_blocked, id=7540, stack(0x000000f98e200000,0x000000f98e300000)]
  0x000002966e9d9000 JavaThread "Cache worker for file content cache (C:\Users\user\.gradle\caches\7.2\fileContent)" [_thread_blocked, id=9260, stack(0x000000f98e300000,0x000000f98e400000)]
  0x000002966e9d3000 JavaThread "jar transforms Thread 2" [_thread_blocked, id=10152, stack(0x000000f98e400000,0x000000f98e500000)]
  0x000002966e9d9800 JavaThread "Cache worker for dependencies-accessors (C:\Users\user\Desktop\STEP (part2)\Android\04\Practice\Practice\.gradle\7.2\dependencies-accessors)" [_thread_blocked, id=10128, stack(0x000000f98e500000,0x000000f98e600000)]
  0x000002966e9d7800 JavaThread "jar transforms Thread 3" [_thread_blocked, id=10160, stack(0x000000f98e600000,0x000000f98e700000)]
  0x000002966e9da800 JavaThread "Cache worker for Build Output Cleanup Cache (C:\Users\user\Desktop\STEP (part2)\Android\04\Practice\Practice\.gradle\buildOutputCleanup)" [_thread_in_native, id=5960, stack(0x000000f98e700000,0x000000f98e800000)]
  0x000002966e9dc000 JavaThread "Unconstrained build operations" [_thread_blocked, id=9844, stack(0x000000f98e800000,0x000000f98e900000)]
  0x000002966e9db800 JavaThread "Unconstrained build operations Thread 2" [_thread_blocked, id=8584, stack(0x000000f98e900000,0x000000f98ea00000)]
  0x000002966e9dd000 JavaThread "Unconstrained build operations Thread 3" [_thread_blocked, id=7796, stack(0x000000f98ea00000,0x000000f98eb00000)]
  0x000002966e9de000 JavaThread "Unconstrained build operations Thread 4" [_thread_blocked, id=9788, stack(0x000000f98eb00000,0x000000f98ec00000)]
  0x0000029672b83800 JavaThread "Unconstrained build operations Thread 5" [_thread_blocked, id=10680, stack(0x000000f98ec00000,0x000000f98ed00000)]
  0x0000029672b7e000 JavaThread "Unconstrained build operations Thread 6" [_thread_blocked, id=5824, stack(0x000000f98ed00000,0x000000f98ee00000)]
  0x0000029672b84800 JavaThread "Unconstrained build operations Thread 7" [_thread_blocked, id=10780, stack(0x000000f98ee00000,0x000000f98ef00000)]
  0x0000029672b82800 JavaThread "Unconstrained build operations Thread 8" [_thread_blocked, id=11068, stack(0x000000f98ef00000,0x000000f98f000000)]
  0x0000029672b82000 JavaThread "Unconstrained build operations Thread 9" [_thread_blocked, id=10524, stack(0x000000f98f000000,0x000000f98f100000)]
  0x0000029672b7e800 JavaThread "Unconstrained build operations Thread 10" [_thread_blocked, id=10864, stack(0x000000f98f100000,0x000000f98f200000)]
  0x0000029672b85000 JavaThread "Unconstrained build operations Thread 11" [_thread_blocked, id=7780, stack(0x000000f98f200000,0x000000f98f300000)]
  0x0000029672b7f800 JavaThread "Unconstrained build operations Thread 12" [_thread_blocked, id=11576, stack(0x000000f98f300000,0x000000f98f400000)]
  0x0000029672b86000 JavaThread "Unconstrained build operations Thread 13" [_thread_blocked, id=1636, stack(0x000000f98f400000,0x000000f98f500000)]
  0x0000029672b81000 JavaThread "Unconstrained build operations Thread 14" [_thread_blocked, id=12064, stack(0x000000f98f500000,0x000000f98f600000)]
  0x0000029672b80000 JavaThread "Unconstrained build operations Thread 15" [_thread_blocked, id=6960, stack(0x000000f98f600000,0x000000f98f700000)]
  0x0000029672b88800 JavaThread "Unconstrained build operations Thread 16" [_thread_blocked, id=11208, stack(0x000000f98f700000,0x000000f98f800000)]
  0x0000029672b89000 JavaThread "Unconstrained build operations Thread 17" [_thread_blocked, id=11992, stack(0x000000f98f800000,0x000000f98f900000)]
  0x0000029672b8a000 JavaThread "Unconstrained build operations Thread 18" [_thread_blocked, id=12232, stack(0x000000f98f900000,0x000000f98fa00000)]
  0x0000029672b87800 JavaThread "Unconstrained build operations Thread 19" [_thread_blocked, id=7972, stack(0x000000f98fa00000,0x000000f98fb00000)]
  0x0000029672b8b000 JavaThread "Unconstrained build operations Thread 20" [_thread_blocked, id=1096, stack(0x000000f98fb00000,0x000000f98fc00000)]
  0x0000029672b8c800 JavaThread "Unconstrained build operations Thread 21" [_thread_blocked, id=1068, stack(0x000000f98fc00000,0x000000f98fd00000)]
  0x0000029672b8b800 JavaThread "Unconstrained build operations Thread 22" [_thread_blocked, id=1292, stack(0x000000f98fd00000,0x000000f98fe00000)]
  0x0000029672b87000 JavaThread "Unconstrained build operations Thread 23" [_thread_blocked, id=6692, stack(0x000000f98fe00000,0x000000f98ff00000)]
  0x000002966f5c2800 JavaThread "Unconstrained build operations Thread 24" [_thread_blocked, id=1892, stack(0x000000f98ff00000,0x000000f990000000)]
  0x000002966f5c1000 JavaThread "Unconstrained build operations Thread 25" [_thread_blocked, id=11520, stack(0x000000f990000000,0x000000f990100000)]
  0x000002966f5c2000 JavaThread "Unconstrained build operations Thread 26" [_thread_blocked, id=8028, stack(0x000000f990100000,0x000000f990200000)]
  0x000002966f5c5000 JavaThread "Unconstrained build operations Thread 27" [_thread_blocked, id=7496, stack(0x000000f990200000,0x000000f990300000)]
  0x000002966f5bf800 JavaThread "Unconstrained build operations Thread 28" [_thread_blocked, id=11488, stack(0x000000f990300000,0x000000f990400000)]
  0x000002966f5c3800 JavaThread "Unconstrained build operations Thread 29" [_thread_blocked, id=11876, stack(0x000000f990400000,0x000000f990500000)]
  0x000002966f5c4000 JavaThread "Unconstrained build operations Thread 30" [_thread_blocked, id=11656, stack(0x000000f990500000,0x000000f990600000)]
  0x000002966f5c6000 JavaThread "Unconstrained build operations Thread 31" [_thread_blocked, id=10760, stack(0x000000f990600000,0x000000f990700000)]
  0x000002966f5c0000 JavaThread "Unconstrained build operations Thread 32" [_thread_blocked, id=7400, stack(0x000000f990700000,0x000000f990800000)]
  0x000002966f5c8800 JavaThread "Unconstrained build operations Thread 33" [_thread_blocked, id=10932, stack(0x000000f990800000,0x000000f990900000)]
  0x000002966f5c9000 JavaThread "Unconstrained build operations Thread 34" [_thread_blocked, id=7564, stack(0x000000f990900000,0x000000f990a00000)]
  0x000002966f5c7800 JavaThread "Unconstrained build operations Thread 35" [_thread_blocked, id=8780, stack(0x000000f990a00000,0x000000f990b00000)]
  0x000002966f5ca000 JavaThread "Unconstrained build operations Thread 36" [_thread_blocked, id=9460, stack(0x000000f990b00000,0x000000f990c00000)]
  0x000002966f5ca800 JavaThread "Unconstrained build operations Thread 37" [_thread_blocked, id=10872, stack(0x000000f990c00000,0x000000f990d00000)]
  0x000002966f5cc800 JavaThread "Unconstrained build operations Thread 38" [_thread_blocked, id=5684, stack(0x000000f990d00000,0x000000f990e00000)]
  0x000002966f5cb800 JavaThread "Unconstrained build operations Thread 39" [_thread_blocked, id=12020, stack(0x000000f990e00000,0x000000f990f00000)]
  0x000002966f5c6800 JavaThread "Unconstrained build operations Thread 40" [_thread_blocked, id=10396, stack(0x000000f990f00000,0x000000f991000000)]
  0x000002966f5cd000 JavaThread "jar transforms Thread 4" [_thread_blocked, id=4148, stack(0x000000f991000000,0x000000f991100000)]
  0x0000029673446800 JavaThread "Memory manager" [_thread_blocked, id=5896, stack(0x000000f991100000,0x000000f991200000)]
  0x000002967344a800 JavaThread "build event listener" [_thread_blocked, id=5696, stack(0x000000f991200000,0x000000f991300000)]
  0x000002967344b800 JavaThread "Execution worker for ':'" [_thread_blocked, id=11140, stack(0x000000f991300000,0x000000f991400000)]
  0x0000029673445800 JavaThread "Execution worker for ':' Thread 2" [_thread_blocked, id=10672, stack(0x000000f991400000,0x000000f991500000)]
  0x000002967344c800 JavaThread "Execution worker for ':' Thread 3" [_thread_blocked, id=3800, stack(0x000000f991500000,0x000000f991600000)]
  0x000002967344d000 JavaThread "Cache worker for execution history cache (C:\Users\user\Desktop\STEP (part2)\Android\04\Practice\Practice\.gradle\7.2\executionHistory)" [_thread_in_native, id=2656, stack(0x000000f991600000,0x000000f991700000)]
  0x000002967344e000 JavaThread "WorkerExecutor Queue" [_thread_in_native, id=11364, stack(0x000000f991700000,0x000000f991800000)]
  0x0000029673448000 JavaThread "WorkerExecutor Queue Thread 2" [_thread_blocked, id=11884, stack(0x000000f991800000,0x000000f991900000)]
  0x0000029673450800 JavaThread "WorkerExecutor Queue Thread 3" [_thread_blocked, id=2596, stack(0x000000f991a00000,0x000000f991b00000)]
=>0x000002967344e800 JavaThread "C2 CompilerThread1" daemon [_thread_in_native, id=8496, stack(0x000000f98da00000,0x000000f98db00000)]
  0x0000029673449000 JavaThread "WorkerExecutor Queue Thread 4" [_thread_blocked, id=10756, stack(0x000000f991b00000,0x000000f991c00000)]
  0x0000029673452000 JavaThread "pool-3-thread-1" [_thread_blocked, id=2612, stack(0x000000f991c00000,0x000000f991d00000)]
  0x0000029673453000 JavaThread "stderr" [_thread_in_native, id=6064, stack(0x000000f991d00000,0x000000f991e00000)]
  0x0000029673453800 JavaThread "stdout" [_thread_in_native, id=7556, stack(0x000000f991e00000,0x000000f991f00000)]
  0x0000029673454800 JavaThread "WorkerExecutor Queue Thread 5" [_thread_blocked, id=12120, stack(0x000000f991f00000,0x000000f992000000)]
  0x00000296736d7800 JavaThread "WorkerExecutor Queue Thread 6" [_thread_blocked, id=3656, stack(0x000000f992000000,0x000000f992100000)]
  0x00000296736d6000 JavaThread "ForkJoinPool-1-worker-3" daemon [_thread_blocked, id=3156, stack(0x000000f992100000,0x000000f992200000)]
  0x00000296736d8800 JavaThread "ForkJoinPool-1-worker-5" daemon [_thread_in_vm, id=1336, stack(0x000000f992200000,0x000000f992300000)]
  0x00000296736d9000 JavaThread "ForkJoinPool-1-worker-7" daemon [_thread_blocked, id=2380, stack(0x000000f992300000,0x000000f992400000)]
  0x00000296736d6800 JavaThread "ForkJoinPool-1-worker-1" daemon [_thread_blocked, id=11312, stack(0x000000f992400000,0x000000f992500000)]

Other Threads:
  0x000002966bd7b800 VMThread "VM Thread" [stack: 0x000000f98bf00000,0x000000f98c000000] [id=11220]
  0x000002966bf99800 WatcherThread [stack: 0x000000f98c900000,0x000000f98ca00000] [id=11372]
  0x0000029651948800 GCTaskThread "GC Thread#0" [stack: 0x000000f98ba00000,0x000000f98bb00000] [id=11704]
  0x000002966c59b000 GCTaskThread "GC Thread#1" [stack: 0x000000f98cb00000,0x000000f98cc00000] [id=4048]
  0x000002966bfdb800 GCTaskThread "GC Thread#2" [stack: 0x000000f98cc00000,0x000000f98cd00000] [id=12284]
  0x000002966c8fa000 GCTaskThread "GC Thread#3" [stack: 0x000000f98cd00000,0x000000f98ce00000] [id=10004]
  0x0000029651979800 ConcurrentGCThread "G1 Main Marker" [stack: 0x000000f98bb00000,0x000000f98bc00000] [id=5812]
  0x000002965197b000 ConcurrentGCThread "G1 Conc#0" [stack: 0x000000f98bc00000,0x000000f98bd00000] [id=2224]
  0x00000296519fe800 ConcurrentGCThread "G1 Refine#0" [stack: 0x000000f98bd00000,0x000000f98be00000] [id=11192]
  0x00000296739d2800 ConcurrentGCThread "G1 Refine#1" [stack: 0x000000f991900000,0x000000f991a00000] [id=2444]
  0x000002966b3c8800 ConcurrentGCThread "G1 Young RemSet Sampling" [stack: 0x000000f98be00000,0x000000f98bf00000] [id=8808]

Threads with active compile tasks:
C2 CompilerThread0  24547 14142 %     4       com.google.common.collect.MapMakerInternalMap$Segment::expand @ 56 (276 bytes)
C2 CompilerThread1  24547 14038       4       com.android.tools.r8.dex.r::m (2110 bytes)

VM state:not at safepoint (normal execution)

VM Mutex/Monitor currently owned by a thread: None

Heap address: 0x0000000080000000, size: 2048 MB, Compressed Oops mode: 32-bit
Narrow klass base: 0x0000000000000000, Narrow klass shift: 3
Compressed class space size: 1073741824 Address: 0x0000000100000000

Heap:
 garbage-first heap   total 262144K, used 181404K [0x0000000080000000, 0x0000000100000000)
  region size 1024K, 73 young (74752K), 6 survivors (6144K)
 Metaspace       used 101749K, capacity 104211K, committed 104320K, reserved 1140736K
  class space    used 12976K, capacity 13879K, committed 13924K, reserved 1048576K
Heap Regions: E=young(eden), S=young(survivor), O=old, HS=humongous(starts), HC=humongous(continues), CS=collection set, F=free, A=archive, TAMS=top-at-mark-start (previous, next)
|   0|0x0000000080000000, 0x0000000080100000, 0x0000000080100000|100%| O|  |TAMS 0x0000000080100000, 0x0000000080000000| Untracked 
|   1|0x0000000080100000, 0x0000000080200000, 0x0000000080200000|100%| O|  |TAMS 0x0000000080200000, 0x0000000080100000| Untracked 
|   2|0x0000000080200000, 0x0000000080300000, 0x0000000080300000|100%| O|  |TAMS 0x0000000080300000, 0x0000000080200000| Complete 
|   3|0x0000000080300000, 0x0000000080400000, 0x0000000080400000|100%|HS|  |TAMS 0x0000000080400000, 0x0000000080300000| Complete 
|   4|0x0000000080400000, 0x0000000080500000, 0x0000000080500000|100%|HC|  |TAMS 0x0000000080500000, 0x0000000080400000| Complete 
|   5|0x0000000080500000, 0x0000000080600000, 0x0000000080600000|100%|HC|  |TAMS 0x0000000080600000, 0x0000000080500000| Complete 
|   6|0x0000000080600000, 0x0000000080700000, 0x0000000080700000|100%| O|  |TAMS 0x0000000080700000, 0x0000000080600000| Complete 
|   7|0x0000000080700000, 0x0000000080800000, 0x0000000080800000|100%| O|  |TAMS 0x0000000080800000, 0x0000000080700000| Untracked 
|   8|0x0000000080800000, 0x0000000080900000, 0x0000000080900000|100%| O|  |TAMS 0x0000000080900000, 0x0000000080800000| Untracked 
|   9|0x0000000080900000, 0x0000000080a00000, 0x0000000080a00000|100%| O|  |TAMS 0x0000000080a00000, 0x0000000080900000| Untracked 
|  10|0x0000000080a00000, 0x0000000080b00000, 0x0000000080b00000|100%| O|  |TAMS 0x0000000080b00000, 0x0000000080a00000| Untracked 
|  11|0x0000000080b00000, 0x0000000080c00000, 0x0000000080c00000|100%| O|  |TAMS 0x0000000080c00000, 0x0000000080b00000| Untracked 
|  12|0x0000000080c00000, 0x0000000080d00000, 0x0000000080d00000|100%| O|  |TAMS 0x0000000080d00000, 0x0000000080c00000| Untracked 
|  13|0x0000000080d00000, 0x0000000080e00000, 0x0000000080e00000|100%| O|  |TAMS 0x0000000080e00000, 0x0000000080d00000| Untracked 
|  14|0x0000000080e00000, 0x0000000080f00000, 0x0000000080f00000|100%| O|  |TAMS 0x0000000080f00000, 0x0000000080e00000| Untracked 
|  15|0x0000000080f00000, 0x0000000081000000, 0x0000000081000000|100%| O|  |TAMS 0x0000000081000000, 0x0000000080f00000| Untracked 
|  16|0x0000000081000000, 0x0000000081100000, 0x0000000081100000|100%| O|  |TAMS 0x0000000081100000, 0x0000000081000000| Untracked 
|  17|0x0000000081100000, 0x0000000081200000, 0x0000000081200000|100%| O|  |TAMS 0x0000000081200000, 0x0000000081100000| Untracked 
|  18|0x0000000081200000, 0x0000000081300000, 0x0000000081300000|100%|HS|  |TAMS 0x0000000081300000, 0x0000000081200000| Complete 
|  19|0x0000000081300000, 0x0000000081400000, 0x0000000081400000|100%|HS|  |TAMS 0x0000000081400000, 0x0000000081300000| Complete 
|  20|0x0000000081400000, 0x0000000081500000, 0x0000000081500000|100%|HS|  |TAMS 0x0000000081500000, 0x0000000081400000| Complete 
|  21|0x0000000081500000, 0x0000000081600000, 0x0000000081600000|100%|HS|  |TAMS 0x0000000081600000, 0x0000000081500000| Complete 
|  22|0x0000000081600000, 0x0000000081700000, 0x0000000081700000|100%|HC|  |TAMS 0x0000000081700000, 0x0000000081600000| Complete 
|  23|0x0000000081700000, 0x0000000081800000, 0x0000000081800000|100%| O|  |TAMS 0x0000000081800000, 0x0000000081700000| Untracked 
|  24|0x0000000081800000, 0x0000000081900000, 0x0000000081900000|100%| O|  |TAMS 0x0000000081900000, 0x0000000081800000| Untracked 
|  25|0x0000000081900000, 0x0000000081a00000, 0x0000000081a00000|100%| O|  |TAMS 0x0000000081a00000, 0x0000000081900000| Untracked 
|  26|0x0000000081a00000, 0x0000000081b00000, 0x0000000081b00000|100%| O|  |TAMS 0x0000000081b00000, 0x0000000081a00000| Untracked 
|  27|0x0000000081b00000, 0x0000000081c00000, 0x0000000081c00000|100%| O|  |TAMS 0x0000000081c00000, 0x0000000081b00000| Untracked 
|  28|0x0000000081c00000, 0x0000000081d00000, 0x0000000081d00000|100%| O|  |TAMS 0x0000000081d00000, 0x0000000081c00000| Untracked 
|  29|0x0000000081d00000, 0x0000000081e00000, 0x0000000081e00000|100%| O|  |TAMS 0x0000000081e00000, 0x0000000081d00000| Untracked 
|  30|0x0000000081e00000, 0x0000000081f00000, 0x0000000081f00000|100%| O|  |TAMS 0x0000000081f00000, 0x0000000081e00000| Untracked 
|  31|0x0000000081f00000, 0x0000000082000000, 0x0000000082000000|100%| O|  |TAMS 0x0000000082000000, 0x0000000081f00000| Complete 
|  32|0x0000000082000000, 0x0000000082100000, 0x0000000082100000|100%| O|  |TAMS 0x0000000082100000, 0x0000000082000000| Complete 
|  33|0x0000000082100000, 0x0000000082200000, 0x0000000082200000|100%| O|  |TAMS 0x0000000082200000, 0x0000000082100000| Untracked 
|  34|0x0000000082200000, 0x0000000082300000, 0x0000000082300000|100%| O|  |TAMS 0x0000000082300000, 0x0000000082200000| Untracked 
|  35|0x0000000082300000, 0x0000000082400000, 0x0000000082400000|100%| O|  |TAMS 0x0000000082400000, 0x0000000082300000| Untracked 
|  36|0x0000000082400000, 0x0000000082500000, 0x0000000082500000|100%| O|  |TAMS 0x0000000082500000, 0x0000000082400000| Untracked 
|  37|0x0000000082500000, 0x0000000082600000, 0x0000000082600000|100%| O|  |TAMS 0x0000000082600000, 0x0000000082500000| Untracked 
|  38|0x0000000082600000, 0x0000000082700000, 0x0000000082700000|100%| O|  |TAMS 0x0000000082700000, 0x0000000082600000| Untracked 
|  39|0x0000000082700000, 0x0000000082800000, 0x0000000082800000|100%| O|  |TAMS 0x0000000082800000, 0x0000000082700000| Untracked 
|  40|0x0000000082800000, 0x0000000082900000, 0x0000000082900000|100%| O|  |TAMS 0x0000000082900000, 0x0000000082800000| Untracked 
|  41|0x0000000082900000, 0x0000000082a00000, 0x0000000082a00000|100%| O|  |TAMS 0x0000000082a00000, 0x0000000082900000| Untracked 
|  42|0x0000000082a00000, 0x0000000082b00000, 0x0000000082b00000|100%| O|  |TAMS 0x0000000082b00000, 0x0000000082a00000| Complete 
|  43|0x0000000082b00000, 0x0000000082c00000, 0x0000000082c00000|100%| O|  |TAMS 0x0000000082c00000, 0x0000000082b00000| Complete 
|  44|0x0000000082c00000, 0x0000000082d00000, 0x0000000082d00000|100%| O|  |TAMS 0x0000000082d00000, 0x0000000082c00000| Untracked 
|  45|0x0000000082d00000, 0x0000000082e00000, 0x0000000082e00000|100%| O|  |TAMS 0x0000000082e00000, 0x0000000082d00000| Untracked 
|  46|0x0000000082e00000, 0x0000000082f00000, 0x0000000082f00000|100%| O|  |TAMS 0x0000000082f00000, 0x0000000082e00000| Untracked 
|  47|0x0000000082f00000, 0x0000000083000000, 0x0000000083000000|100%| O|  |TAMS 0x0000000083000000, 0x0000000082f00000| Untracked 
|  48|0x0000000083000000, 0x0000000083100000, 0x0000000083100000|100%| O|  |TAMS 0x0000000083100000, 0x0000000083000000| Untracked 
|  49|0x0000000083100000, 0x0000000083200000, 0x0000000083200000|100%| O|  |TAMS 0x0000000083200000, 0x0000000083100000| Untracked 
|  50|0x0000000083200000, 0x0000000083300000, 0x0000000083300000|100%| O|  |TAMS 0x0000000083300000, 0x0000000083200000| Untracked 
|  51|0x0000000083300000, 0x0000000083400000, 0x0000000083400000|100%| O|  |TAMS 0x0000000083400000, 0x0000000083300000| Untracked 
|  52|0x0000000083400000, 0x0000000083500000, 0x0000000083500000|100%| O|  |TAMS 0x0000000083500000, 0x0000000083400000| Complete 
|  53|0x0000000083500000, 0x0000000083600000, 0x0000000083600000|100%| O|  |TAMS 0x0000000083600000, 0x0000000083500000| Complete 
|  54|0x0000000083600000, 0x0000000083700000, 0x0000000083700000|100%| O|  |TAMS 0x0000000083700000, 0x0000000083600000| Complete 
|  55|0x0000000083700000, 0x0000000083800000, 0x0000000083800000|100%|HS|  |TAMS 0x0000000083700000, 0x0000000083700000| Complete 
|  56|0x0000000083800000, 0x0000000083900000, 0x0000000083900000|100%| O|  |TAMS 0x0000000083900000, 0x0000000083800000| Complete 
|  57|0x0000000083900000, 0x0000000083a00000, 0x0000000083a00000|100%|HS|  |TAMS 0x0000000083900000, 0x0000000083900000| Complete 
|  58|0x0000000083a00000, 0x0000000083b00000, 0x0000000083b00000|100%| O|  |TAMS 0x0000000083b00000, 0x0000000083a00000| Complete 
|  59|0x0000000083b00000, 0x0000000083c00000, 0x0000000083c00000|100%|HS|  |TAMS 0x0000000083b00000, 0x0000000083b00000| Complete 
|  60|0x0000000083c00000, 0x0000000083d00000, 0x0000000083d00000|100%| O|  |TAMS 0x0000000083d00000, 0x0000000083c00000| Complete 
|  61|0x0000000083d00000, 0x0000000083e00000, 0x0000000083e00000|100%|HS|  |TAMS 0x0000000083e00000, 0x0000000083d00000| Complete 
|  62|0x0000000083e00000, 0x0000000083f00000, 0x0000000083f00000|100%|HC|  |TAMS 0x0000000083f00000, 0x0000000083e00000| Complete 
|  63|0x0000000083f00000, 0x0000000084000000, 0x0000000084000000|100%|HS|  |TAMS 0x0000000084000000, 0x0000000083f00000| Complete 
|  64|0x0000000084000000, 0x0000000084100000, 0x0000000084100000|100%|HS|  |TAMS 0x0000000084100000, 0x0000000084000000| Complete 
|  65|0x0000000084100000, 0x0000000084200000, 0x0000000084200000|100%|HS|  |TAMS 0x0000000084200000, 0x0000000084100000| Complete 
|  66|0x0000000084200000, 0x0000000084300000, 0x0000000084300000|100%| O|  |TAMS 0x0000000084300000, 0x0000000084200000| Untracked 
|  67|0x0000000084300000, 0x0000000084400000, 0x0000000084400000|100%| O|  |TAMS 0x0000000084400000, 0x0000000084300000| Untracked 
|  68|0x0000000084400000, 0x0000000084500000, 0x0000000084500000|100%| O|  |TAMS 0x0000000084500000, 0x0000000084400000| Untracked 
|  69|0x0000000084500000, 0x0000000084600000, 0x0000000084600000|100%| O|  |TAMS 0x0000000084600000, 0x0000000084500000| Untracked 
|  70|0x0000000084600000, 0x0000000084700000, 0x0000000084700000|100%| O|  |TAMS 0x0000000084700000, 0x0000000084600000| Complete 
|  71|0x0000000084700000, 0x0000000084800000, 0x0000000084800000|100%| O|  |TAMS 0x0000000084800000, 0x0000000084700000| Complete 
|  72|0x0000000084800000, 0x0000000084900000, 0x0000000084900000|100%| O|  |TAMS 0x0000000084900000, 0x0000000084800000| Complete 
|  73|0x0000000084900000, 0x0000000084a00000, 0x0000000084a00000|100%| O|  |TAMS 0x0000000084a00000, 0x0000000084900000| Complete 
|  74|0x0000000084a00000, 0x0000000084b00000, 0x0000000084b00000|100%|HS|  |TAMS 0x0000000084a00000, 0x0000000084a00000| Complete 
|  75|0x0000000084b00000, 0x0000000084c00000, 0x0000000084c00000|100%|HC|  |TAMS 0x0000000084b00000, 0x0000000084b00000| Complete 
|  76|0x0000000084c00000, 0x0000000084d00000, 0x0000000084d00000|100%| O|  |TAMS 0x0000000084d00000, 0x0000000084c00000| Complete 
|  77|0x0000000084d00000, 0x0000000084e00000, 0x0000000084e00000|100%| O|  |TAMS 0x0000000084e00000, 0x0000000084d00000| Complete 
|  78|0x0000000084e00000, 0x0000000084f00000, 0x0000000084f00000|100%| O|  |TAMS 0x0000000084f00000, 0x0000000084e00000| Untracked 
|  79|0x0000000084f00000, 0x0000000085000000, 0x0000000085000000|100%| O|  |TAMS 0x0000000085000000, 0x0000000084f00000| Untracked 
|  80|0x0000000085000000, 0x0000000085100000, 0x0000000085100000|100%| O|  |TAMS 0x0000000085100000, 0x0000000085000000| Complete 
|  81|0x0000000085100000, 0x0000000085200000, 0x0000000085200000|100%| O|  |TAMS 0x0000000085200000, 0x0000000085100000| Untracked 
|  82|0x0000000085200000, 0x0000000085300000, 0x0000000085300000|100%| O|  |TAMS 0x0000000085300000, 0x0000000085200000| Untracked 
|  83|0x0000000085300000, 0x0000000085400000, 0x0000000085400000|100%| O|  |TAMS 0x0000000085400000, 0x0000000085300000| Complete 
|  84|0x0000000085400000, 0x0000000085500000, 0x0000000085500000|100%| O|  |TAMS 0x0000000085500000, 0x0000000085400000| Complete 
|  85|0x0000000085500000, 0x0000000085600000, 0x0000000085600000|100%| O|  |TAMS 0x0000000085600000, 0x0000000085500000| Untracked 
|  86|0x0000000085600000, 0x0000000085700000, 0x0000000085700000|100%| O|  |TAMS 0x0000000085700000, 0x0000000085600000| Untracked 
|  87|0x0000000085700000, 0x0000000085800000, 0x0000000085800000|100%| O|  |TAMS 0x0000000085800000, 0x0000000085700000| Untracked 
|  88|0x0000000085800000, 0x0000000085900000, 0x0000000085900000|100%| O|  |TAMS 0x0000000085900000, 0x0000000085800000| Untracked 
|  89|0x0000000085900000, 0x0000000085a00000, 0x0000000085a00000|100%| O|  |TAMS 0x0000000085a00000, 0x0000000085900000| Untracked 
|  90|0x0000000085a00000, 0x0000000085b00000, 0x0000000085b00000|100%| O|  |TAMS 0x0000000085b00000, 0x0000000085a00000| Untracked 
|  91|0x0000000085b00000, 0x0000000085c00000, 0x0000000085c00000|100%| O|  |TAMS 0x0000000085c00000, 0x0000000085b00000| Complete 
|  92|0x0000000085c00000, 0x0000000085d00000, 0x0000000085d00000|100%| O|  |TAMS 0x0000000085d00000, 0x0000000085c00000| Complete 
|  93|0x0000000085d00000, 0x0000000085e00000, 0x0000000085e00000|100%|HS|  |TAMS 0x0000000085d00000, 0x0000000085d00000| Complete 
|  94|0x0000000085e00000, 0x0000000085f00000, 0x0000000085f00000|100%| O|  |TAMS 0x0000000085f00000, 0x0000000085e00000| Complete 
|  95|0x0000000085f00000, 0x0000000086000000, 0x0000000086000000|100%|HS|  |TAMS 0x0000000085f00000, 0x0000000085f00000| Complete 
|  96|0x0000000086000000, 0x0000000086100000, 0x0000000086100000|100%| O|  |TAMS 0x0000000086100000, 0x0000000086000000| Complete 
|  97|0x0000000086100000, 0x0000000086200000, 0x0000000086200000|100%|HS|  |TAMS 0x0000000086100000, 0x0000000086100000| Complete 
|  98|0x0000000086200000, 0x0000000086300000, 0x0000000086300000|100%|HC|  |TAMS 0x0000000086200000, 0x0000000086200000| Complete 
|  99|0x0000000086300000, 0x0000000086400000, 0x0000000086400000|100%| O|  |TAMS 0x0000000086400000, 0x0000000086300000| Complete 
| 100|0x0000000086400000, 0x0000000086500000, 0x0000000086500000|100%|HS|  |TAMS 0x0000000086400000, 0x0000000086400000| Complete 
| 101|0x0000000086500000, 0x0000000086600000, 0x0000000086600000|100%| O|  |TAMS 0x0000000086600000, 0x0000000086500000| Complete 
| 102|0x0000000086600000, 0x0000000086600000, 0x0000000086700000|  0%| F|  |TAMS 0x0000000086600000, 0x0000000086600000| Untracked 
| 103|0x0000000086700000, 0x0000000086800000, 0x0000000086800000|100%| O|  |TAMS 0x0000000086800000, 0x0000000086700000| Complete 
| 104|0x0000000086800000, 0x0000000086900000, 0x0000000086900000|100%| O|  |TAMS 0x0000000086900000, 0x0000000086800000| Complete 
| 105|0x0000000086900000, 0x0000000086a00000, 0x0000000086a00000|100%| O|  |TAMS 0x0000000086a00000, 0x0000000086900000| Complete 
| 106|0x0000000086a00000, 0x0000000086b00000, 0x0000000086b00000|100%| O|  |TAMS 0x0000000086b00000, 0x0000000086a00000| Complete 
| 107|0x0000000086b00000, 0x0000000086b27000, 0x0000000086c00000| 15%| O|  |TAMS 0x0000000086b27000, 0x0000000086b00000| Untracked 
| 108|0x0000000086c00000, 0x0000000086c00000, 0x0000000086d00000|  0%| F|  |TAMS 0x0000000086c00000, 0x0000000086c00000| Untracked 
| 109|0x0000000086d00000, 0x0000000086d00000, 0x0000000086e00000|  0%| F|  |TAMS 0x0000000086d00000, 0x0000000086d00000| Untracked 
| 110|0x0000000086e00000, 0x0000000086e00000, 0x0000000086f00000|  0%| F|  |TAMS 0x0000000086e00000, 0x0000000086e00000| Untracked 
| 111|0x0000000086f00000, 0x0000000086f00000, 0x0000000087000000|  0%| F|  |TAMS 0x0000000086f00000, 0x0000000086f00000| Untracked 
| 112|0x0000000087000000, 0x0000000087000000, 0x0000000087100000|  0%| F|  |TAMS 0x0000000087000000, 0x0000000087000000| Untracked 
| 113|0x0000000087100000, 0x0000000087100000, 0x0000000087200000|  0%| F|  |TAMS 0x0000000087100000, 0x0000000087100000| Untracked 
| 114|0x0000000087200000, 0x0000000087200000, 0x0000000087300000|  0%| F|  |TAMS 0x0000000087200000, 0x0000000087200000| Untracked 
| 115|0x0000000087300000, 0x0000000087300000, 0x0000000087400000|  0%| F|  |TAMS 0x0000000087300000, 0x0000000087300000| Untracked 
| 116|0x0000000087400000, 0x0000000087400000, 0x0000000087500000|  0%| F|  |TAMS 0x0000000087400000, 0x0000000087400000| Untracked 
| 117|0x0000000087500000, 0x0000000087500000, 0x0000000087600000|  0%| F|  |TAMS 0x0000000087500000, 0x0000000087500000| Untracked 
| 118|0x0000000087600000, 0x0000000087600000, 0x0000000087700000|  0%| F|  |TAMS 0x0000000087600000, 0x0000000087600000| Untracked 
| 119|0x0000000087700000, 0x0000000087700000, 0x0000000087800000|  0%| F|  |TAMS 0x0000000087700000, 0x0000000087700000| Untracked 
| 120|0x0000000087800000, 0x0000000087800000, 0x0000000087900000|  0%| F|  |TAMS 0x0000000087800000, 0x0000000087800000| Untracked 
| 121|0x0000000087900000, 0x0000000087900000, 0x0000000087a00000|  0%| F|  |TAMS 0x0000000087900000, 0x0000000087900000| Untracked 
| 122|0x0000000087a00000, 0x0000000087a00000, 0x0000000087b00000|  0%| F|  |TAMS 0x0000000087a00000, 0x0000000087a00000| Untracked 
| 123|0x0000000087b00000, 0x0000000087b00000, 0x0000000087c00000|  0%| F|  |TAMS 0x0000000087b00000, 0x0000000087b00000| Untracked 
| 124|0x0000000087c00000, 0x0000000087c00000, 0x0000000087d00000|  0%| F|  |TAMS 0x0000000087c00000, 0x0000000087c00000| Untracked 
| 125|0x0000000087d00000, 0x0000000087d00000, 0x0000000087e00000|  0%| F|  |TAMS 0x0000000087d00000, 0x0000000087d00000| Untracked 
| 126|0x0000000087e00000, 0x0000000087e00000, 0x0000000087f00000|  0%| F|  |TAMS 0x0000000087e00000, 0x0000000087e00000| Untracked 
| 127|0x0000000087f00000, 0x0000000087f00000, 0x0000000088000000|  0%| F|  |TAMS 0x0000000087f00000, 0x0000000087f00000| Untracked 
| 128|0x0000000088000000, 0x0000000088000000, 0x0000000088100000|  0%| F|  |TAMS 0x0000000088000000, 0x0000000088000000| Untracked 
| 129|0x0000000088100000, 0x0000000088100000, 0x0000000088200000|  0%| F|  |TAMS 0x0000000088100000, 0x0000000088100000| Untracked 
| 130|0x0000000088200000, 0x0000000088200000, 0x0000000088300000|  0%| F|  |TAMS 0x0000000088200000, 0x0000000088200000| Untracked 
| 131|0x0000000088300000, 0x0000000088300000, 0x0000000088400000|  0%| F|  |TAMS 0x0000000088300000, 0x0000000088300000| Untracked 
| 132|0x0000000088400000, 0x0000000088400000, 0x0000000088500000|  0%| F|  |TAMS 0x0000000088400000, 0x0000000088400000| Untracked 
| 133|0x0000000088500000, 0x0000000088500000, 0x0000000088600000|  0%| F|  |TAMS 0x0000000088500000, 0x0000000088500000| Untracked 
| 134|0x0000000088600000, 0x0000000088600000, 0x0000000088700000|  0%| F|  |TAMS 0x0000000088600000, 0x0000000088600000| Untracked 
| 135|0x0000000088700000, 0x0000000088700000, 0x0000000088800000|  0%| F|  |TAMS 0x0000000088700000, 0x0000000088700000| Untracked 
| 136|0x0000000088800000, 0x0000000088800000, 0x0000000088900000|  0%| F|  |TAMS 0x0000000088800000, 0x0000000088800000| Untracked 
| 137|0x0000000088900000, 0x0000000088900000, 0x0000000088a00000|  0%| F|  |TAMS 0x0000000088900000, 0x0000000088900000| Untracked 
| 138|0x0000000088a00000, 0x0000000088a00000, 0x0000000088b00000|  0%| F|  |TAMS 0x0000000088a00000, 0x0000000088a00000| Untracked 
| 139|0x0000000088b00000, 0x0000000088b00000, 0x0000000088c00000|  0%| F|  |TAMS 0x0000000088b00000, 0x0000000088b00000| Untracked 
| 140|0x0000000088c00000, 0x0000000088c00000, 0x0000000088d00000|  0%| F|  |TAMS 0x0000000088c00000, 0x0000000088c00000| Untracked 
| 141|0x0000000088d00000, 0x0000000088d00000, 0x0000000088e00000|  0%| F|  |TAMS 0x0000000088d00000, 0x0000000088d00000| Untracked 
| 142|0x0000000088e00000, 0x0000000088e00000, 0x0000000088f00000|  0%| F|  |TAMS 0x0000000088e00000, 0x0000000088e00000| Untracked 
| 143|0x0000000088f00000, 0x0000000088f00000, 0x0000000089000000|  0%| F|  |TAMS 0x0000000088f00000, 0x0000000088f00000| Untracked 
| 144|0x0000000089000000, 0x0000000089000000, 0x0000000089100000|  0%| F|  |TAMS 0x0000000089000000, 0x0000000089000000| Untracked 
| 145|0x0000000089100000, 0x0000000089100000, 0x0000000089200000|  0%| F|  |TAMS 0x0000000089100000, 0x0000000089100000| Untracked 
| 146|0x0000000089200000, 0x0000000089200000, 0x0000000089300000|  0%| F|  |TAMS 0x0000000089200000, 0x0000000089200000| Untracked 
| 147|0x0000000089300000, 0x0000000089300000, 0x0000000089400000|  0%| F|  |TAMS 0x0000000089300000, 0x0000000089300000| Untracked 
| 148|0x0000000089400000, 0x0000000089400000, 0x0000000089500000|  0%| F|  |TAMS 0x0000000089400000, 0x0000000089400000| Untracked 
| 149|0x0000000089500000, 0x0000000089500000, 0x0000000089600000|  0%| F|  |TAMS 0x0000000089500000, 0x0000000089500000| Untracked 
| 150|0x0000000089600000, 0x0000000089600000, 0x0000000089700000|  0%| F|  |TAMS 0x0000000089600000, 0x0000000089600000| Untracked 
| 151|0x0000000089700000, 0x0000000089700000, 0x0000000089800000|  0%| F|  |TAMS 0x0000000089700000, 0x0000000089700000| Untracked 
| 152|0x0000000089800000, 0x0000000089800000, 0x0000000089900000|  0%| F|  |TAMS 0x0000000089800000, 0x0000000089800000| Untracked 
| 153|0x0000000089900000, 0x0000000089900000, 0x0000000089a00000|  0%| F|  |TAMS 0x0000000089900000, 0x0000000089900000| Untracked 
| 154|0x0000000089a00000, 0x0000000089a00000, 0x0000000089b00000|  0%| F|  |TAMS 0x0000000089a00000, 0x0000000089a00000| Untracked 
| 155|0x0000000089b00000, 0x0000000089b00000, 0x0000000089c00000|  0%| F|  |TAMS 0x0000000089b00000, 0x0000000089b00000| Untracked 
| 156|0x0000000089c00000, 0x0000000089c00000, 0x0000000089d00000|  0%| F|  |TAMS 0x0000000089c00000, 0x0000000089c00000| Untracked 
| 157|0x0000000089d00000, 0x0000000089d00000, 0x0000000089e00000|  0%| F|  |TAMS 0x0000000089d00000, 0x0000000089d00000| Untracked 
| 158|0x0000000089e00000, 0x0000000089e00000, 0x0000000089f00000|  0%| F|  |TAMS 0x0000000089e00000, 0x0000000089e00000| Untracked 
| 159|0x0000000089f00000, 0x0000000089f00000, 0x000000008a000000|  0%| F|  |TAMS 0x0000000089f00000, 0x0000000089f00000| Untracked 
| 160|0x000000008a000000, 0x000000008a000000, 0x000000008a100000|  0%| F|  |TAMS 0x000000008a000000, 0x000000008a000000| Untracked 
| 161|0x000000008a100000, 0x000000008a100000, 0x000000008a200000|  0%| F|  |TAMS 0x000000008a100000, 0x000000008a100000| Untracked 
| 162|0x000000008a200000, 0x000000008a200000, 0x000000008a300000|  0%| F|  |TAMS 0x000000008a200000, 0x000000008a200000| Untracked 
| 163|0x000000008a300000, 0x000000008a300000, 0x000000008a400000|  0%| F|  |TAMS 0x000000008a300000, 0x000000008a300000| Untracked 
| 164|0x000000008a400000, 0x000000008a400000, 0x000000008a500000|  0%| F|  |TAMS 0x000000008a400000, 0x000000008a400000| Untracked 
| 165|0x000000008a500000, 0x000000008a500000, 0x000000008a600000|  0%| F|  |TAMS 0x000000008a500000, 0x000000008a500000| Untracked 
| 166|0x000000008a600000, 0x000000008a600000, 0x000000008a700000|  0%| F|  |TAMS 0x000000008a600000, 0x000000008a600000| Untracked 
| 167|0x000000008a700000, 0x000000008a700000, 0x000000008a800000|  0%| F|  |TAMS 0x000000008a700000, 0x000000008a700000| Untracked 
| 168|0x000000008a800000, 0x000000008a800000, 0x000000008a900000|  0%| F|  |TAMS 0x000000008a800000, 0x000000008a800000| Untracked 
| 169|0x000000008a900000, 0x000000008a900000, 0x000000008aa00000|  0%| F|  |TAMS 0x000000008a900000, 0x000000008a900000| Untracked 
| 170|0x000000008aa00000, 0x000000008aa00000, 0x000000008ab00000|  0%| F|  |TAMS 0x000000008aa00000, 0x000000008aa00000| Untracked 
| 171|0x000000008ab00000, 0x000000008ab00000, 0x000000008ac00000|  0%| F|  |TAMS 0x000000008ab00000, 0x000000008ab00000| Untracked 
| 172|0x000000008ac00000, 0x000000008ac00000, 0x000000008ad00000|  0%| F|  |TAMS 0x000000008ac00000, 0x000000008ac00000| Untracked 
| 173|0x000000008ad00000, 0x000000008ad00000, 0x000000008ae00000|  0%| F|  |TAMS 0x000000008ad00000, 0x000000008ad00000| Untracked 
| 174|0x000000008ae00000, 0x000000008ae00000, 0x000000008af00000|  0%| F|  |TAMS 0x000000008ae00000, 0x000000008ae00000| Untracked 
| 175|0x000000008af00000, 0x000000008af00000, 0x000000008b000000|  0%| F|  |TAMS 0x000000008af00000, 0x000000008af00000| Untracked 
| 176|0x000000008b000000, 0x000000008b000000, 0x000000008b100000|  0%| F|  |TAMS 0x000000008b000000, 0x000000008b000000| Untracked 
| 177|0x000000008b100000, 0x000000008b100000, 0x000000008b200000|  0%| F|  |TAMS 0x000000008b100000, 0x000000008b100000| Untracked 
| 178|0x000000008b200000, 0x000000008b200000, 0x000000008b300000|  0%| F|  |TAMS 0x000000008b200000, 0x000000008b200000| Untracked 
| 179|0x000000008b300000, 0x000000008b300000, 0x000000008b400000|  0%| F|  |TAMS 0x000000008b300000, 0x000000008b300000| Untracked 
| 180|0x000000008b400000, 0x000000008b400000, 0x000000008b500000|  0%| F|  |TAMS 0x000000008b400000, 0x000000008b400000| Untracked 
| 181|0x000000008b500000, 0x000000008b500000, 0x000000008b600000|  0%| F|  |TAMS 0x000000008b500000, 0x000000008b500000| Untracked 
| 182|0x000000008b600000, 0x000000008b600000, 0x000000008b700000|  0%| F|  |TAMS 0x000000008b600000, 0x000000008b600000| Untracked 
| 183|0x000000008b700000, 0x000000008b77ecf8, 0x000000008b800000| 49%| E|  |TAMS 0x000000008b700000, 0x000000008b700000| Complete 
| 184|0x000000008b800000, 0x000000008b900000, 0x000000008b900000|100%| E|CS|TAMS 0x000000008b800000, 0x000000008b800000| Complete 
| 185|0x000000008b900000, 0x000000008ba00000, 0x000000008ba00000|100%| E|CS|TAMS 0x000000008b900000, 0x000000008b900000| Complete 
| 186|0x000000008ba00000, 0x000000008bb00000, 0x000000008bb00000|100%| E|CS|TAMS 0x000000008ba00000, 0x000000008ba00000| Complete 
| 187|0x000000008bb00000, 0x000000008bc00000, 0x000000008bc00000|100%| E|CS|TAMS 0x000000008bb00000, 0x000000008bb00000| Complete 
| 188|0x000000008bc00000, 0x000000008bd00000, 0x000000008bd00000|100%| E|CS|TAMS 0x000000008bc00000, 0x000000008bc00000| Complete 
| 189|0x000000008bd00000, 0x000000008be00000, 0x000000008be00000|100%| E|  |TAMS 0x000000008bd00000, 0x000000008bd00000| Complete 
| 190|0x000000008be00000, 0x000000008bf00000, 0x000000008bf00000|100%| E|CS|TAMS 0x000000008be00000, 0x000000008be00000| Complete 
| 191|0x000000008bf00000, 0x000000008c000000, 0x000000008c000000|100%| E|CS|TAMS 0x000000008bf00000, 0x000000008bf00000| Complete 
| 192|0x000000008c000000, 0x000000008c100000, 0x000000008c100000|100%| E|CS|TAMS 0x000000008c000000, 0x000000008c000000| Complete 
| 193|0x000000008c100000, 0x000000008c200000, 0x000000008c200000|100%| E|CS|TAMS 0x000000008c100000, 0x000000008c100000| Complete 
| 194|0x000000008c200000, 0x000000008c300000, 0x000000008c300000|100%| E|CS|TAMS 0x000000008c200000, 0x000000008c200000| Complete 
| 195|0x000000008c300000, 0x000000008c400000, 0x000000008c400000|100%| E|CS|TAMS 0x000000008c300000, 0x000000008c300000| Complete 
| 196|0x000000008c400000, 0x000000008c500000, 0x000000008c500000|100%| E|CS|TAMS 0x000000008c400000, 0x000000008c400000| Complete 
| 197|0x000000008c500000, 0x000000008c600000, 0x000000008c600000|100%| E|CS|TAMS 0x000000008c500000, 0x000000008c500000| Complete 
| 198|0x000000008c600000, 0x000000008c700000, 0x000000008c700000|100%| E|CS|TAMS 0x000000008c600000, 0x000000008c600000| Complete 
| 199|0x000000008c700000, 0x000000008c800000, 0x000000008c800000|100%| E|CS|TAMS 0x000000008c700000, 0x000000008c700000| Complete 
| 200|0x000000008c800000, 0x000000008c900000, 0x000000008c900000|100%| E|CS|TAMS 0x000000008c800000, 0x000000008c800000| Complete 
| 201|0x000000008c900000, 0x000000008ca00000, 0x000000008ca00000|100%| E|CS|TAMS 0x000000008c900000, 0x000000008c900000| Complete 
| 202|0x000000008ca00000, 0x000000008cb00000, 0x000000008cb00000|100%| E|CS|TAMS 0x000000008ca00000, 0x000000008ca00000| Complete 
| 203|0x000000008cb00000, 0x000000008cc00000, 0x000000008cc00000|100%| E|CS|TAMS 0x000000008cb00000, 0x000000008cb00000| Complete 
| 204|0x000000008cc00000, 0x000000008cd00000, 0x000000008cd00000|100%| E|CS|TAMS 0x000000008cc00000, 0x000000008cc00000| Complete 
| 205|0x000000008cd00000, 0x000000008ce00000, 0x000000008ce00000|100%| E|CS|TAMS 0x000000008cd00000, 0x000000008cd00000| Complete 
| 206|0x000000008ce00000, 0x000000008cf00000, 0x000000008cf00000|100%| E|CS|TAMS 0x000000008ce00000, 0x000000008ce00000| Complete 
| 207|0x000000008cf00000, 0x000000008d000000, 0x000000008d000000|100%| E|CS|TAMS 0x000000008cf00000, 0x000000008cf00000| Complete 
| 208|0x000000008d000000, 0x000000008d100000, 0x000000008d100000|100%| E|CS|TAMS 0x000000008d000000, 0x000000008d000000| Complete 
| 209|0x000000008d100000, 0x000000008d200000, 0x000000008d200000|100%| E|CS|TAMS 0x000000008d100000, 0x000000008d100000| Complete 
| 210|0x000000008d200000, 0x000000008d300000, 0x000000008d300000|100%| S|CS|TAMS 0x000000008d200000, 0x000000008d200000| Complete 
| 211|0x000000008d300000, 0x000000008d400000, 0x000000008d400000|100%| S|CS|TAMS 0x000000008d300000, 0x000000008d300000| Complete 
| 212|0x000000008d400000, 0x000000008d500000, 0x000000008d500000|100%| S|CS|TAMS 0x000000008d400000, 0x000000008d400000| Complete 
| 213|0x000000008d500000, 0x000000008d600000, 0x000000008d600000|100%| S|CS|TAMS 0x000000008d500000, 0x000000008d500000| Complete 
| 214|0x000000008d600000, 0x000000008d700000, 0x000000008d700000|100%| S|CS|TAMS 0x000000008d600000, 0x000000008d600000| Complete 
| 215|0x000000008d700000, 0x000000008d800000, 0x000000008d800000|100%| S|CS|TAMS 0x000000008d700000, 0x000000008d700000| Complete 
| 216|0x000000008d800000, 0x000000008d900000, 0x000000008d900000|100%| E|CS|TAMS 0x000000008d800000, 0x000000008d800000| Complete 
| 217|0x000000008d900000, 0x000000008da00000, 0x000000008da00000|100%| E|CS|TAMS 0x000000008d900000, 0x000000008d900000| Complete 
| 218|0x000000008da00000, 0x000000008db00000, 0x000000008db00000|100%| E|CS|TAMS 0x000000008da00000, 0x000000008da00000| Complete 
| 219|0x000000008db00000, 0x000000008dc00000, 0x000000008dc00000|100%| E|CS|TAMS 0x000000008db00000, 0x000000008db00000| Complete 
| 220|0x000000008dc00000, 0x000000008dd00000, 0x000000008dd00000|100%| E|CS|TAMS 0x000000008dc00000, 0x000000008dc00000| Complete 
| 221|0x000000008dd00000, 0x000000008de00000, 0x000000008de00000|100%| E|CS|TAMS 0x000000008dd00000, 0x000000008dd00000| Complete 
| 222|0x000000008de00000, 0x000000008df00000, 0x000000008df00000|100%| E|CS|TAMS 0x000000008de00000, 0x000000008de00000| Complete 
| 223|0x000000008df00000, 0x000000008e000000, 0x000000008e000000|100%| E|CS|TAMS 0x000000008df00000, 0x000000008df00000| Complete 
| 224|0x000000008e000000, 0x000000008e100000, 0x000000008e100000|100%| E|CS|TAMS 0x000000008e000000, 0x000000008e000000| Complete 
| 225|0x000000008e100000, 0x000000008e200000, 0x000000008e200000|100%| E|CS|TAMS 0x000000008e100000, 0x000000008e100000| Complete 
| 226|0x000000008e200000, 0x000000008e300000, 0x000000008e300000|100%| E|CS|TAMS 0x000000008e200000, 0x000000008e200000| Complete 
| 227|0x000000008e300000, 0x000000008e400000, 0x000000008e400000|100%| E|CS|TAMS 0x000000008e300000, 0x000000008e300000| Complete 
| 228|0x000000008e400000, 0x000000008e500000, 0x000000008e500000|100%| E|CS|TAMS 0x000000008e400000, 0x000000008e400000| Complete 
| 229|0x000000008e500000, 0x000000008e600000, 0x000000008e600000|100%| E|CS|TAMS 0x000000008e500000, 0x000000008e500000| Complete 
| 230|0x000000008e600000, 0x000000008e700000, 0x000000008e700000|100%| E|CS|TAMS 0x000000008e600000, 0x000000008e600000| Complete 
| 231|0x000000008e700000, 0x000000008e800000, 0x000000008e800000|100%| E|CS|TAMS 0x000000008e700000, 0x000000008e700000| Complete 
| 232|0x000000008e800000, 0x000000008e900000, 0x000000008e900000|100%| E|CS|TAMS 0x000000008e800000, 0x000000008e800000| Complete 
| 233|0x000000008e900000, 0x000000008ea00000, 0x000000008ea00000|100%| E|CS|TAMS 0x000000008e900000, 0x000000008e900000| Complete 
| 234|0x000000008ea00000, 0x000000008eb00000, 0x000000008eb00000|100%| E|CS|TAMS 0x000000008ea00000, 0x000000008ea00000| Complete 
| 235|0x000000008eb00000, 0x000000008ec00000, 0x000000008ec00000|100%| E|CS|TAMS 0x000000008eb00000, 0x000000008eb00000| Complete 
| 236|0x000000008ec00000, 0x000000008ed00000, 0x000000008ed00000|100%| E|CS|TAMS 0x000000008ec00000, 0x000000008ec00000| Complete 
| 237|0x000000008ed00000, 0x000000008ee00000, 0x000000008ee00000|100%| E|CS|TAMS 0x000000008ed00000, 0x000000008ed00000| Complete 
| 238|0x000000008ee00000, 0x000000008ef00000, 0x000000008ef00000|100%| E|CS|TAMS 0x000000008ee00000, 0x000000008ee00000| Complete 
| 239|0x000000008ef00000, 0x000000008f000000, 0x000000008f000000|100%| E|CS|TAMS 0x000000008ef00000, 0x000000008ef00000| Complete 
| 240|0x000000008f000000, 0x000000008f100000, 0x000000008f100000|100%| E|CS|TAMS 0x000000008f000000, 0x000000008f000000| Complete 
| 241|0x000000008f100000, 0x000000008f200000, 0x000000008f200000|100%| E|CS|TAMS 0x000000008f100000, 0x000000008f100000| Complete 
| 242|0x000000008f200000, 0x000000008f300000, 0x000000008f300000|100%| E|CS|TAMS 0x000000008f200000, 0x000000008f200000| Complete 
| 243|0x000000008f300000, 0x000000008f400000, 0x000000008f400000|100%| E|CS|TAMS 0x000000008f300000, 0x000000008f300000| Complete 
| 244|0x000000008f400000, 0x000000008f500000, 0x000000008f500000|100%| E|CS|TAMS 0x000000008f400000, 0x000000008f400000| Complete 
| 245|0x000000008f500000, 0x000000008f600000, 0x000000008f600000|100%| E|CS|TAMS 0x000000008f500000, 0x000000008f500000| Complete 
| 246|0x000000008f600000, 0x000000008f700000, 0x000000008f700000|100%| E|CS|TAMS 0x000000008f600000, 0x000000008f600000| Complete 
| 247|0x000000008f700000, 0x000000008f800000, 0x000000008f800000|100%| E|CS|TAMS 0x000000008f700000, 0x000000008f700000| Complete 
| 248|0x000000008f800000, 0x000000008f900000, 0x000000008f900000|100%| E|CS|TAMS 0x000000008f800000, 0x000000008f800000| Complete 
| 249|0x000000008f900000, 0x000000008fa00000, 0x000000008fa00000|100%| E|CS|TAMS 0x000000008f900000, 0x000000008f900000| Complete 
| 250|0x000000008fa00000, 0x000000008fb00000, 0x000000008fb00000|100%| E|CS|TAMS 0x000000008fa00000, 0x000000008fa00000| Complete 
| 251|0x000000008fb00000, 0x000000008fc00000, 0x000000008fc00000|100%| E|CS|TAMS 0x000000008fb00000, 0x000000008fb00000| Complete 
| 252|0x000000008fc00000, 0x000000008fd00000, 0x000000008fd00000|100%| E|CS|TAMS 0x000000008fc00000, 0x000000008fc00000| Complete 
| 253|0x000000008fd00000, 0x000000008fe00000, 0x000000008fe00000|100%| E|CS|TAMS 0x000000008fd00000, 0x000000008fd00000| Complete 
| 254|0x000000008fe00000, 0x000000008ff00000, 0x000000008ff00000|100%| E|CS|TAMS 0x000000008fe00000, 0x000000008fe00000| Complete 
| 255|0x000000008ff00000, 0x0000000090000000, 0x0000000090000000|100%| E|CS|TAMS 0x000000008ff00000, 0x000000008ff00000| Complete 

Card table byte_map: [0x0000029664820000,0x0000029664c20000] _byte_map_base: 0x0000029664420000

Marking Bits (Prev, Next): (CMBitMap*) 0x0000029651970e98, (CMBitMap*) 0x0000029651970ed0
 Prev Bits: [0x0000029665020000, 0x0000029667020000)
 Next Bits: [0x0000029667020000, 0x0000029669020000)

Polling page: 0x000002964f710000

Metaspace:

Usage:
  Non-class:     88.21 MB capacity,    86.69 MB ( 98%) used,     1.25 MB (  1%) free+waste,   282.00 KB ( <1%) overhead. 
      Class:     13.55 MB capacity,    12.67 MB ( 94%) used,   776.61 KB (  6%) free+waste,   125.50 KB ( <1%) overhead. 
       Both:    101.77 MB capacity,    99.36 MB ( 98%) used,     2.01 MB (  2%) free+waste,   407.50 KB ( <1%) overhead. 

Virtual space:
  Non-class space:       90.00 MB reserved,      88.28 MB ( 98%) committed 
      Class space:        1.00 GB reserved,      13.60 MB (  1%) committed 
             Both:        1.09 GB reserved,     101.88 MB (  9%) committed 

Chunk freelists:
   Non-Class:  0 bytes
       Class:  9.00 KB
        Both:  9.00 KB

MaxMetaspaceSize: 17179869184.00 GB
CompressedClassSpaceSize: 1.00 GB

CodeHeap 'non-profiled nmethods': size=120064Kb used=9443Kb max_used=9443Kb free=110620Kb
 bounds [0x000002965cee0000, 0x000002965d820000, 0x0000029664420000]
CodeHeap 'profiled nmethods': size=120000Kb used=32267Kb max_used=32267Kb free=87732Kb
 bounds [0x00000296559b0000, 0x0000029657940000, 0x000002965cee0000]
CodeHeap 'non-nmethods': size=5696Kb used=2326Kb max_used=2363Kb free=3369Kb
 bounds [0x0000029655420000, 0x0000029655690000, 0x00000296559b0000]
 total_blobs=15015 nmethods=14077 adapters=849
 compilation: enabled
              stopped_count=0, restarted_count=0
 full_count=0

Compilation events (20 events):
Event: 24.431 Thread 0x000002966bdc9800 nmethod 14061 0x000002965d812210 code [0x000002965d8123a0, 0x000002965d812518]
Event: 24.431 Thread 0x000002966bdc9800 14131   !   4       java.util.zip.InflaterInputStream::read (138 bytes)
Event: 24.433 Thread 0x000002966be37000 14133   !   3       com.google.common.collect.MapMakerInternalMap$Segment::put (298 bytes)
Event: 24.436 Thread 0x000002966be37000 nmethod 14133 0x000002965792a810 code [0x000002965792ae60, 0x000002965792e5b8]
Event: 24.477 Thread 0x000002966bdc9800 nmethod 14131 0x000002965d812a10 code [0x000002965d812ca0, 0x000002965d815950]
Event: 24.477 Thread 0x000002966bdc9800 14134       4       com.google.common.collect.MapMakerInternalMap$Segment::preWriteCleanup (5 bytes)
Event: 24.477 Thread 0x000002966bdc9800 nmethod 14134 0x000002965d816c10 code [0x000002965d816da0, 0x000002965d816e28]
Event: 24.477 Thread 0x000002966bdc9800 14132       4       com.google.common.collect.MapMakerInternalMap$Segment::setValue (19 bytes)
Event: 24.481 Thread 0x000002966be37000 14139       3       org.gradle.api.internal.file.AbstractFileCollection::getSingleFile (83 bytes)
Event: 24.482 Thread 0x000002966be37000 nmethod 14139 0x0000029657930110 code [0x00000296579304e0, 0x0000029657931f98]
Event: 24.482 Thread 0x000002966be37000 14140       3       org.gradle.api.internal.tasks.properties.DefaultValidatingProperty::<init> (10 bytes)
Event: 24.483 Thread 0x000002966be37000 nmethod 14140 0x0000029657932790 code [0x0000029657932960, 0x0000029657932c38]
Event: 24.484 Thread 0x000002966bdc9800 nmethod 14132 0x000002965d816f10 code [0x000002965d817100, 0x000002965d8176b8]
Event: 24.484 Thread 0x000002966bdc9800 14137       4       java.security.MessageDigest$Delegate::engineUpdate (11 bytes)
Event: 24.492 Thread 0x000002966be37000 14141       3       com.google.common.hash.ChecksumHashFunction$ChecksumHasher::update (13 bytes)
Event: 24.492 Thread 0x000002966be37000 nmethod 14141 0x0000029657932d10 code [0x0000029657932ec0, 0x0000029657933088]
Event: 24.501 Thread 0x000002966bdc9800 nmethod 14137 0x000002965d817a10 code [0x000002965d817be0, 0x000002965d818358]
Event: 24.501 Thread 0x000002966bdc9800 14138       4       java.io.Bits::putLong (86 bytes)
Event: 24.502 Thread 0x000002966bdc9800 nmethod 14138 0x000002965d818990 code [0x000002965d818b20, 0x000002965d818c58]
Event: 24.512 Thread 0x000002966bdc9800 14142 %     4       com.google.common.collect.MapMakerInternalMap$Segment::expand @ 56 (276 bytes)

GC Heap History (20 events):
Event: 8.949 GC heap before
{Heap before GC invocations=9 (full 0):
 garbage-first heap   total 262144K, used 143269K [0x0000000080000000, 0x0000000100000000)
  region size 1024K, 119 young (121856K), 12 survivors (12288K)
 Metaspace       used 48711K, capacity 49955K, committed 50172K, reserved 1093632K
  class space    used 6206K, capacity 6671K, committed 6784K, reserved 1048576K
}
Event: 8.966 GC heap after
{Heap after GC invocations=10 (full 0):
 garbage-first heap   total 262144K, used 42875K [0x0000000080000000, 0x0000000100000000)
  region size 1024K, 15 young (15360K), 15 survivors (15360K)
 Metaspace       used 48711K, capacity 49955K, committed 50172K, reserved 1093632K
  class space    used 6206K, capacity 6671K, committed 6784K, reserved 1048576K
}
Event: 10.290 GC heap before
{Heap before GC invocations=10 (full 0):
 garbage-first heap   total 262144K, used 109435K [0x0000000080000000, 0x0000000100000000)
  region size 1024K, 81 young (82944K), 15 survivors (15360K)
 Metaspace       used 58492K, capacity 59840K, committed 59940K, reserved 1101824K
  class space    used 7420K, capacity 7935K, committed 7936K, reserved 1048576K
}
Event: 10.304 GC heap after
{Heap after GC invocations=11 (full 0):
 garbage-first heap   total 262144K, used 46179K [0x0000000080000000, 0x0000000100000000)
  region size 1024K, 13 young (13312K), 13 survivors (13312K)
 Metaspace       used 58492K, capacity 59840K, committed 59940K, reserved 1101824K
  class space    used 7420K, capacity 7935K, committed 7936K, reserved 1048576K
}
Event: 11.882 GC heap before
{Heap before GC invocations=12 (full 0):
 garbage-first heap   total 262144K, used 154723K [0x0000000080000000, 0x0000000100000000)
  region size 1024K, 119 young (121856K), 13 survivors (13312K)
 Metaspace       used 66049K, capacity 67618K, committed 67696K, reserved 1107968K
  class space    used 8390K, capacity 8978K, committed 9036K, reserved 1048576K
}
Event: 11.898 GC heap after
{Heap after GC invocations=13 (full 0):
 garbage-first heap   total 262144K, used 55514K [0x0000000080000000, 0x0000000100000000)
  region size 1024K, 12 young (12288K), 12 survivors (12288K)
 Metaspace       used 66049K, capacity 67618K, committed 67696K, reserved 1107968K
  class space    used 8390K, capacity 8978K, committed 9036K, reserved 1048576K
}
Event: 13.957 GC heap before
{Heap before GC invocations=13 (full 0):
 garbage-first heap   total 262144K, used 167130K [0x0000000080000000, 0x0000000100000000)
  region size 1024K, 121 young (123904K), 12 survivors (12288K)
 Metaspace       used 77752K, capacity 79534K, committed 79728K, reserved 1118208K
  class space    used 10127K, capacity 10801K, committed 10828K, reserved 1048576K
}
Event: 13.978 GC heap after
{Heap after GC invocations=14 (full 0):
 garbage-first heap   total 262144K, used 62822K [0x0000000080000000, 0x0000000100000000)
  region size 1024K, 8 young (8192K), 8 survivors (8192K)
 Metaspace       used 77752K, capacity 79534K, committed 79728K, reserved 1118208K
  class space    used 10127K, capacity 10801K, committed 10828K, reserved 1048576K
}
Event: 16.608 GC heap before
{Heap before GC invocations=14 (full 0):
 garbage-first heap   total 262144K, used 179558K [0x0000000080000000, 0x0000000100000000)
  region size 1024K, 122 young (124928K), 8 survivors (8192K)
 Metaspace       used 82856K, capacity 84917K, committed 85104K, reserved 1122304K
  class space    used 10768K, capacity 11555K, committed 11596K, reserved 1048576K
}
Event: 16.629 GC heap after
{Heap after GC invocations=15 (full 0):
 garbage-first heap   total 262144K, used 75704K [0x0000000080000000, 0x0000000100000000)
  region size 1024K, 16 young (16384K), 16 survivors (16384K)
 Metaspace       used 82856K, capacity 84917K, committed 85104K, reserved 1122304K
  class space    used 10768K, capacity 11555K, committed 11596K, reserved 1048576K
}
Event: 18.611 GC heap before
{Heap before GC invocations=15 (full 0):
 garbage-first heap   total 262144K, used 194488K [0x0000000080000000, 0x0000000100000000)
  region size 1024K, 123 young (125952K), 16 survivors (16384K)
 Metaspace       used 84464K, capacity 86503K, committed 86768K, reserved 1124352K
  class space    used 10919K, capacity 11677K, committed 11724K, reserved 1048576K
}
Event: 18.642 GC heap after
{Heap after GC invocations=16 (full 0):
 garbage-first heap   total 262144K, used 93869K [0x0000000080000000, 0x0000000100000000)
  region size 1024K, 16 young (16384K), 16 survivors (16384K)
 Metaspace       used 84464K, capacity 86503K, committed 86768K, reserved 1124352K
  class space    used 10919K, capacity 11677K, committed 11724K, reserved 1048576K
}
Event: 20.409 GC heap before
{Heap before GC invocations=16 (full 0):
 garbage-first heap   total 262144K, used 207533K [0x0000000080000000, 0x0000000100000000)
  region size 1024K, 113 young (115712K), 16 survivors (16384K)
 Metaspace       used 88792K, capacity 91037K, committed 91248K, reserved 1128448K
  class space    used 11238K, capacity 12079K, committed 12108K, reserved 1048576K
}
Event: 20.433 GC heap after
{Heap after GC invocations=17 (full 0):
 garbage-first heap   total 262144K, used 105472K [0x0000000080000000, 0x0000000100000000)
  region size 1024K, 12 young (12288K), 12 survivors (12288K)
 Metaspace       used 88792K, capacity 91037K, committed 91248K, reserved 1128448K
  class space    used 11238K, capacity 12079K, committed 12108K, reserved 1048576K
}
Event: 21.995 GC heap before
{Heap before GC invocations=17 (full 0):
 garbage-first heap   total 262144K, used 197632K [0x0000000080000000, 0x0000000100000000)
  region size 1024K, 103 young (105472K), 12 survivors (12288K)
 Metaspace       used 92412K, capacity 94546K, committed 94704K, reserved 1132544K
  class space    used 11644K, capacity 12451K, committed 12492K, reserved 1048576K
}
Event: 22.000 GC heap after
{Heap after GC invocations=18 (full 0):
 garbage-first heap   total 262144K, used 98304K [0x0000000080000000, 0x0000000100000000)
  region size 1024K, 3 young (3072K), 3 survivors (3072K)
 Metaspace       used 92412K, capacity 94546K, committed 94704K, reserved 1132544K
  class space    used 11644K, capacity 12451K, committed 12492K, reserved 1048576K
}
Event: 23.285 GC heap before
{Heap before GC invocations=18 (full 0):
 garbage-first heap   total 262144K, used 198656K [0x0000000080000000, 0x0000000100000000)
  region size 1024K, 102 young (104448K), 3 survivors (3072K)
 Metaspace       used 96091K, capacity 98334K, committed 98544K, reserved 1134592K
  class space    used 12048K, capacity 12876K, committed 13004K, reserved 1048576K
}
Event: 23.295 GC heap after
{Heap after GC invocations=19 (full 0):
 garbage-first heap   total 262144K, used 104774K [0x0000000080000000, 0x0000000100000000)
  region size 1024K, 9 young (9216K), 9 survivors (9216K)
 Metaspace       used 96091K, capacity 98334K, committed 98544K, reserved 1134592K
  class space    used 12048K, capacity 12876K, committed 13004K, reserved 1048576K
}
Event: 23.805 GC heap before
{Heap before GC invocations=19 (full 0):
 garbage-first heap   total 262144K, used 148806K [0x0000000080000000, 0x0000000100000000)
  region size 1024K, 49 young (50176K), 9 survivors (9216K)
 Metaspace       used 98013K, capacity 100322K, committed 100456K, reserved 1136640K
  class space    used 12275K, capacity 13117K, committed 13132K, reserved 1048576K
}
Event: 23.821 GC heap after
{Heap after GC invocations=20 (full 0):
 garbage-first heap   total 262144K, used 115868K [0x0000000080000000, 0x0000000100000000)
  region size 1024K, 6 young (6144K), 6 survivors (6144K)
 Metaspace       used 98013K, capacity 100322K, committed 100456K, reserved 1136640K
  class space    used 12275K, capacity 13117K, committed 13132K, reserved 1048576K
}

Deoptimization events (20 events):
Event: 24.387 Thread 0x0000029673454800 DEOPT PACKING pc=0x00000296578b6d5e sp=0x000000f991ffd6b0
Event: 24.387 Thread 0x0000029673454800 DEOPT UNPACKING pc=0x0000029655446d5e sp=0x000000f991ffcd70 mode 0
Event: 24.388 Thread 0x0000029673454800 DEOPT PACKING pc=0x00000296578b6d5e sp=0x000000f991ffd6b0
Event: 24.388 Thread 0x0000029673454800 DEOPT UNPACKING pc=0x0000029655446d5e sp=0x000000f991ffcd70 mode 0
Event: 24.389 Thread 0x0000029673454800 DEOPT PACKING pc=0x00000296578b6d5e sp=0x000000f991ffd6b0
Event: 24.389 Thread 0x0000029673454800 DEOPT UNPACKING pc=0x0000029655446d5e sp=0x000000f991ffcd70 mode 0
Event: 24.390 Thread 0x0000029673454800 DEOPT PACKING pc=0x00000296578b6d5e sp=0x000000f991ffd6b0
Event: 24.390 Thread 0x0000029673454800 DEOPT UNPACKING pc=0x0000029655446d5e sp=0x000000f991ffcd70 mode 0
Event: 24.390 Thread 0x0000029673454800 DEOPT PACKING pc=0x00000296578b6d5e sp=0x000000f991ffd6b0
Event: 24.390 Thread 0x0000029673454800 DEOPT UNPACKING pc=0x0000029655446d5e sp=0x000000f991ffcd70 mode 0
Event: 24.392 Thread 0x0000029673454800 DEOPT PACKING pc=0x00000296578b6d5e sp=0x000000f991ffd6b0
Event: 24.392 Thread 0x0000029673454800 DEOPT UNPACKING pc=0x0000029655446d5e sp=0x000000f991ffcd70 mode 0
Event: 24.394 Thread 0x0000029673454800 DEOPT PACKING pc=0x00000296578b6d5e sp=0x000000f991ffd6b0
Event: 24.394 Thread 0x0000029673454800 DEOPT UNPACKING pc=0x0000029655446d5e sp=0x000000f991ffcd70 mode 0
Event: 24.395 Thread 0x0000029673454800 DEOPT PACKING pc=0x00000296578b6d5e sp=0x000000f991ffd6b0
Event: 24.395 Thread 0x0000029673454800 DEOPT UNPACKING pc=0x0000029655446d5e sp=0x000000f991ffcd70 mode 0
Event: 24.396 Thread 0x0000029673454800 DEOPT PACKING pc=0x00000296578b6d5e sp=0x000000f991ffd6b0
Event: 24.396 Thread 0x0000029673454800 DEOPT UNPACKING pc=0x0000029655446d5e sp=0x000000f991ffcd70 mode 0
Event: 24.396 Thread 0x0000029673454800 DEOPT PACKING pc=0x00000296578b6d5e sp=0x000000f991ffd6b0
Event: 24.396 Thread 0x0000029673454800 DEOPT UNPACKING pc=0x0000029655446d5e sp=0x000000f991ffcd70 mode 0

Classes redefined (0 events):
No events

Internal exceptions (20 events):
Event: 23.377 Thread 0x0000029673445800 Exception <a 'sun/nio/fs/WindowsException'{0x000000008fa09818}> (0x000000008fa09818) thrown at [./src/hotspot/share/prims/jni.cpp, line 615]
Event: 23.377 Thread 0x0000029673445800 Exception <a 'sun/nio/fs/WindowsException'{0x000000008fa09ba0}> (0x000000008fa09ba0) thrown at [./src/hotspot/share/prims/jni.cpp, line 615]
Event: 23.377 Thread 0x0000029673445800 Exception <a 'sun/nio/fs/WindowsException'{0x000000008fa0aa78}> (0x000000008fa0aa78) thrown at [./src/hotspot/share/prims/jni.cpp, line 615]
Event: 23.377 Thread 0x0000029673445800 Exception <a 'sun/nio/fs/WindowsException'{0x000000008fa0ada0}> (0x000000008fa0ada0) thrown at [./src/hotspot/share/prims/jni.cpp, line 615]
Event: 23.377 Thread 0x0000029673445800 Exception <a 'sun/nio/fs/WindowsException'{0x000000008fa0bc48}> (0x000000008fa0bc48) thrown at [./src/hotspot/share/prims/jni.cpp, line 615]
Event: 23.386 Thread 0x0000029673445800 Exception <a 'java/lang/NoSuchMethodError'{0x000000008f987638}: <clinit>> (0x000000008f987638) thrown at [./src/hotspot/share/prims/jni.cpp, line 1362]
Event: 23.389 Thread 0x0000029673445800 Exception <a 'java/lang/NoSuchMethodError'{0x000000008f9fdfb8}: <clinit>> (0x000000008f9fdfb8) thrown at [./src/hotspot/share/prims/jni.cpp, line 1362]
Event: 23.389 Thread 0x0000029673445800 Exception <a 'java/lang/NoSuchMethodError'{0x000000008f810fb0}: <clinit>> (0x000000008f810fb0) thrown at [./src/hotspot/share/prims/jni.cpp, line 1362]
Event: 23.440 Thread 0x000002967344b800 Implicit null exception at 0x000002965d782d52 to 0x000002965d783158
Event: 23.491 Thread 0x0000029673449000 Exception <a 'java/lang/NoSuchMethodError'{0x000000008ec3f6f8}: 'void java.lang.invoke.DirectMethodHandle$Holder.invokeStatic(java.lang.Object, long)'> (0x000000008ec3f6f8) thrown at [./src/hotspot/share/interpreter/linkResolver.cpp, line 773]
Event: 23.491 Thread 0x0000029673449000 Exception <a 'java/lang/NoSuchMethodError'{0x000000008ec44910}: 'java.lang.Object java.lang.invoke.DirectMethodHandle$Holder.invokeStatic(java.lang.Object, long)'> (0x000000008ec44910) thrown at [./src/hotspot/share/interpreter/linkResolver.cpp, line 773]
Event: 23.493 Thread 0x0000029673449000 Exception <a 'java/lang/NoSuchMethodError'{0x000000008ec52ba8}: 'java.lang.Object java.lang.invoke.DirectMethodHandle$Holder.invokeStaticInit(java.lang.Object, java.lang.Object, long, java.lang.Object)'> (0x000000008ec52ba8) thrown at [./src/hotspot/share/interpreter/linkResolver.cpp, line 773]
Event: 23.494 Thread 0x0000029673449000 Exception <a 'java/lang/NoSuchMethodError'{0x000000008ec68210}: 'java.lang.Object java.lang.invoke.DirectMethodHandle$Holder.invokeStatic(java.lang.Object, java.lang.Object, long)'> (0x000000008ec68210) thrown at [./src/hotspot/share/interpreter/linkResolver.cpp, line 773]
Event: 23.495 Thread 0x0000029673449000 Exception <a 'java/lang/NoSuchMethodError'{0x000000008ec6e788}: 'java.lang.Object java.lang.invoke.Invokers$Holder.linkToTargetMethod(java.lang.Object, long, java.lang.Object)'> (0x000000008ec6e788) thrown at [./src/hotspot/share/interpreter/linkResolver.cpp, line 773]
Event: 23.759 Thread 0x0000029673449000 Exception <a 'java/lang/NoSuchMethodError'{0x000000008da65478}: 'int java.lang.invoke.DirectMethodHandle$Holder.invokeSpecialIFC(java.lang.Object, java.lang.Object, java.lang.Object)'> (0x000000008da65478) thrown at [./src/hotspot/share/interpreter/linkResolver.cpp, line 773]
Event: 23.779 Thread 0x0000029673454800 Exception <a 'sun/nio/fs/WindowsException'{0x000000008d945458}> (0x000000008d945458) thrown at [./src/hotspot/share/prims/jni.cpp, line 615]
Event: 24.078 Thread 0x0000029673454800 Exception <a 'java/lang/NoSuchMethodError'{0x000000008f8a3fd8}: 'java.lang.Object java.lang.invoke.DirectMethodHandle$Holder.invokeStaticInit(java.lang.Object, java.lang.Object, java.lang.Object, java.lang.Object, java.lang.Object, java.lang.Object, java.lang.Object, java.lang.Object, java.lang.Object, java.lang.Object, java.lang.Object, java.lang.Object, java.lang.Object, java.lang.Object, java.lang.Object, java.lang.Object, java.lang.Object, java.lang.Object, int, java.lang.Object, java.lang.Object)'> (0
Event: 24.111 Thread 0x000002967344e000 Exception <a 'java/lang/NoSuchMethodError'{0x000000008f4ec9f8}: 'java.lang.Object java.lang.invoke.DirectMethodHandle$Holder.invokeVirtual(java.lang.Object, java.lang.Object, int)'> (0x000000008f4ec9f8) thrown at [./src/hotspot/share/interpreter/linkResolver.cpp, line 773]
Event: 24.442 Thread 0x00000296736d6000 Exception <a 'java/lang/NoSuchMethodError'{0x000000008ba59e48}: 'java.lang.Object java.lang.invoke.DirectMethodHandle$Holder.newInvokeSpecial(java.lang.Object, int)'> (0x000000008ba59e48) thrown at [./src/hotspot/share/interpreter/linkResolver.cpp, line 773]
Event: 24.446 Thread 0x00000296736d6800 Exception <a 'java/lang/IncompatibleClassChangeError'{0x000000008ba76b98}: Found class java.lang.Object, but interface was expected> (0x000000008ba76b98) thrown at [./src/hotspot/share/interpreter/linkResolver.cpp, line 839]

Events (20 events):
Event: 24.517 loading class com/android/tools/r8/code/R1
Event: 24.517 loading class com/android/tools/r8/code/R1 done
Event: 24.517 loading class com/android/tools/r8/code/T1
Event: 24.517 loading class com/android/tools/r8/code/T1 done
Event: 24.517 loading class com/android/tools/r8/code/Y3
Event: 24.517 loading class com/android/tools/r8/code/Y3 done
Event: 24.518 loading class com/android/tools/r8/code/K0
Event: 24.518 loading class com/android/tools/r8/code/K0 done
Event: 24.518 loading class com/android/tools/r8/code/A3
Event: 24.518 loading class com/android/tools/r8/code/A3 done
Event: 24.518 loading class com/android/tools/r8/code/v3
Event: 24.518 loading class com/android/tools/r8/code/v3 done
Event: 24.518 loading class com/android/tools/r8/code/e4
Event: 24.518 loading class com/android/tools/r8/code/e4 done
Event: 24.518 loading class com/android/tools/r8/code/P2
Event: 24.518 loading class com/android/tools/r8/code/P2 done
Event: 24.519 loading class com/android/tools/r8/code/u
Event: 24.519 loading class com/android/tools/r8/code/u done
Event: 24.520 loading class com/android/tools/r8/code/b3
Event: 24.520 loading class com/android/tools/r8/code/b3 done


Dynamic libraries:
0x00007ff6903b0000 - 0x00007ff6903ba000 	C:\Program Files\Android\Android Studio\jre\bin\java.exe
0x00007ffb62360000 - 0x00007ffb62550000 	C:\WINDOWS\SYSTEM32\ntdll.dll
0x00007ffb60a20000 - 0x00007ffb60ad2000 	C:\WINDOWS\System32\KERNEL32.DLL
0x00007ffb5f9e0000 - 0x00007ffb5fc85000 	C:\WINDOWS\System32\KERNELBASE.dll
0x00007ffb5f880000 - 0x00007ffb5f97a000 	C:\WINDOWS\System32\ucrtbase.dll
0x00007ffb585f0000 - 0x00007ffb58609000 	C:\Program Files\Android\Android Studio\jre\bin\jli.dll
0x00007ffb60410000 - 0x00007ffb605a4000 	C:\WINDOWS\System32\USER32.dll
0x00007ffb5f370000 - 0x00007ffb5f391000 	C:\WINDOWS\System32\win32u.dll
0x00007ffb60760000 - 0x00007ffb60786000 	C:\WINDOWS\System32\GDI32.dll
0x00007ffb5f3a0000 - 0x00007ffb5f536000 	C:\WINDOWS\System32\gdi32full.dll
0x00007ffb5f540000 - 0x00007ffb5f5de000 	C:\WINDOWS\System32\msvcp_win.dll
0x00007ffb4dde0000 - 0x00007ffb4ddf7000 	C:\Program Files\Android\Android Studio\jre\bin\VCRUNTIME140.dll
0x00007ffb4d980000 - 0x00007ffb4dc04000 	C:\WINDOWS\WinSxS\amd64_microsoft.windows.common-controls_6595b64144ccf1df_6.0.18362.1139_none_9e7bf2d3e4605ac6\COMCTL32.dll
0x00007ffb60790000 - 0x00007ffb6082e000 	C:\WINDOWS\System32\msvcrt.dll
0x00007ffb617f0000 - 0x00007ffb61b25000 	C:\WINDOWS\System32\combase.dll
0x00007ffb616d0000 - 0x00007ffb617f0000 	C:\WINDOWS\System32\RPCRT4.dll
0x00007ffb5f2f0000 - 0x00007ffb5f370000 	C:\WINDOWS\System32\bcryptPrimitives.dll
0x00007ffb60660000 - 0x00007ffb6068e000 	C:\WINDOWS\System32\IMM32.DLL
0x00007ffb2b770000 - 0x00007ffb2b80d000 	C:\Program Files\Android\Android Studio\jre\bin\msvcp140.dll
0x00007ffb25040000 - 0x00007ffb25b15000 	C:\Program Files\Android\Android Studio\jre\bin\server\jvm.dll
0x00007ffb60f30000 - 0x00007ffb60fd3000 	C:\WINDOWS\System32\ADVAPI32.dll
0x00007ffb60980000 - 0x00007ffb60a17000 	C:\WINDOWS\System32\sechost.dll
0x00007ffb606f0000 - 0x00007ffb606f8000 	C:\WINDOWS\System32\PSAPI.DLL
0x00007ffb4e950000 - 0x00007ffb4e959000 	C:\WINDOWS\SYSTEM32\WSOCK32.dll
0x00007ffb621d0000 - 0x00007ffb6223f000 	C:\WINDOWS\System32\WS2_32.dll
0x00007ffb5d370000 - 0x00007ffb5d394000 	C:\WINDOWS\SYSTEM32\WINMM.dll
0x00007ffb577b0000 - 0x00007ffb577ba000 	C:\WINDOWS\SYSTEM32\VERSION.dll
0x00007ffb5d340000 - 0x00007ffb5d36d000 	C:\WINDOWS\SYSTEM32\WINMMBASE.dll
0x00007ffb5f600000 - 0x00007ffb5f64a000 	C:\WINDOWS\System32\cfgmgr32.dll
0x00007ffb5f2b0000 - 0x00007ffb5f2c1000 	C:\WINDOWS\System32\kernel.appcore.dll
0x00007ffb4a430000 - 0x00007ffb4a441000 	C:\Program Files\Android\Android Studio\jre\bin\verify.dll
0x00007ffb49230000 - 0x00007ffb49424000 	C:\WINDOWS\SYSTEM32\DBGHELP.DLL
0x00007ffb485f0000 - 0x00007ffb4861a000 	C:\WINDOWS\SYSTEM32\dbgcore.DLL
0x00007ffb37fb0000 - 0x00007ffb37fd9000 	C:\Program Files\Android\Android Studio\jre\bin\java.dll
0x00007ffb4dc60000 - 0x00007ffb4dc6b000 	C:\Program Files\Android\Android Studio\jre\bin\jimage.dll
0x00007ffb49c60000 - 0x00007ffb49c78000 	C:\Program Files\Android\Android Studio\jre\bin\zip.dll
0x00007ffb60fe0000 - 0x00007ffb616c7000 	C:\WINDOWS\System32\SHELL32.dll
0x00007ffb61fa0000 - 0x00007ffb62049000 	C:\WINDOWS\System32\shcore.dll
0x00007ffb5fc90000 - 0x00007ffb60410000 	C:\WINDOWS\System32\windows.storage.dll
0x00007ffb5f230000 - 0x00007ffb5f253000 	C:\WINDOWS\System32\profapi.dll
0x00007ffb5f260000 - 0x00007ffb5f2aa000 	C:\WINDOWS\System32\powrprof.dll
0x00007ffb5f220000 - 0x00007ffb5f230000 	C:\WINDOWS\System32\UMPDC.dll
0x00007ffb60700000 - 0x00007ffb60752000 	C:\WINDOWS\System32\shlwapi.dll
0x00007ffb5f5e0000 - 0x00007ffb5f5f7000 	C:\WINDOWS\System32\cryptsp.dll
0x00007ffb37ba0000 - 0x00007ffb37bba000 	C:\Program Files\Android\Android Studio\jre\bin\net.dll
0x00007ffb576c0000 - 0x00007ffb577b0000 	C:\WINDOWS\SYSTEM32\WINHTTP.dll
0x00007ffb5ea70000 - 0x00007ffb5ead7000 	C:\WINDOWS\system32\mswsock.dll
0x00007ffb36bd0000 - 0x00007ffb36be4000 	C:\Program Files\Android\Android Studio\jre\bin\nio.dll
0x00007ffb4edf0000 - 0x00007ffb4ee17000 	C:\Users\user\.gradle\native\e1d6ef7f7dcc3fd88c89a11ec53ec762bb8ba0a96d01ffa2cd45eb1d1d8dd5c5\windows-amd64\native-platform.dll
0x00007ffb07900000 - 0x00007ffb07a44000 	C:\Users\user\.gradle\native\5664cfc778a61ccfe75a443a1ab52a65af34e5dc3c78e0209fed803814484fcb\windows-amd64\native-platform-file-events.dll
0x00007ffb4d720000 - 0x00007ffb4d72a000 	C:\Program Files\Android\Android Studio\jre\bin\management.dll
0x00007ffb4a380000 - 0x00007ffb4a38d000 	C:\Program Files\Android\Android Studio\jre\bin\management_ext.dll
0x00007ffb5e580000 - 0x00007ffb5e5b3000 	C:\WINDOWS\system32\rsaenh.dll
0x00007ffb5f7a0000 - 0x00007ffb5f7c6000 	C:\WINDOWS\System32\bcrypt.dll
0x00007ffb5f140000 - 0x00007ffb5f165000 	C:\WINDOWS\SYSTEM32\USERENV.dll
0x00007ffb5ec40000 - 0x00007ffb5ec4c000 	C:\WINDOWS\SYSTEM32\CRYPTBASE.dll
0x00007ffb5e720000 - 0x00007ffb5e75a000 	C:\WINDOWS\SYSTEM32\IPHLPAPI.DLL
0x00007ffb60970000 - 0x00007ffb60978000 	C:\WINDOWS\System32\NSI.dll
0x00007ffb59ae0000 - 0x00007ffb59af6000 	C:\WINDOWS\SYSTEM32\dhcpcsvc6.DLL
0x00007ffb59ac0000 - 0x00007ffb59adc000 	C:\WINDOWS\SYSTEM32\dhcpcsvc.DLL
0x00007ffb5e7c0000 - 0x00007ffb5e88b000 	C:\WINDOWS\SYSTEM32\DNSAPI.dll
0x00007ffb5e260000 - 0x00007ffb5e291000 	C:\WINDOWS\SYSTEM32\ntmarta.dll

dbghelp: loaded successfully - version: 4.0.5 - missing functions: none
symbol engine: initialized successfully - sym options: 0x614 - pdb path: .;C:\Program Files\Android\Android Studio\jre\bin;C:\WINDOWS\SYSTEM32;C:\WINDOWS\WinSxS\amd64_microsoft.windows.common-controls_6595b64144ccf1df_6.0.18362.1139_none_9e7bf2d3e4605ac6;C:\Program Files\Android\Android Studio\jre\bin\server;C:\Users\user\.gradle\native\e1d6ef7f7dcc3fd88c89a11ec53ec762bb8ba0a96d01ffa2cd45eb1d1d8dd5c5\windows-amd64;C:\Users\user\.gradle\native\5664cfc778a61ccfe75a443a1ab52a65af34e5dc3c78e0209fed803814484fcb\windows-amd64

VM Arguments:
jvm_args: --add-opens=java.base/java.util=ALL-UNNAMED --add-opens=java.base/java.lang=ALL-UNNAMED --add-opens=java.base/java.lang.invoke=ALL-UNNAMED --add-opens=java.base/java.util=ALL-UNNAMED --add-opens=java.prefs/java.util.prefs=ALL-UNNAMED --add-opens=java.prefs/java.util.prefs=ALL-UNNAMED --add-opens=java.base/java.nio.charset=ALL-UNNAMED --add-opens=java.base/java.net=ALL-UNNAMED --add-opens=java.base/java.util.concurrent.atomic=ALL-UNNAMED -Xmx2048m -Dfile.encoding=UTF-8 -Duser.country=US -Duser.language=en -Duser.variant 
java_command: org.gradle.launcher.daemon.bootstrap.GradleDaemon 7.2
java_class_path (initial): C:\Users\user\.gradle\wrapper\dists\gradle-7.2-bin\2dnblmf4td7x66yl1d74lt32g\gradle-7.2\lib\gradle-launcher-7.2.jar
Launcher Type: SUN_STANDARD

[Global flags]
     intx CICompilerCount                          = 3                                         {product} {ergonomic}
     uint ConcGCThreads                            = 1                                         {product} {ergonomic}
     uint G1ConcRefinementThreads                  = 4                                         {product} {ergonomic}
   size_t G1HeapRegionSize                         = 1048576                                   {product} {ergonomic}
    uintx GCDrainStackTargetSize                   = 64                                        {product} {ergonomic}
   size_t InitialHeapSize                          = 268435456                                 {product} {ergonomic}
   size_t MarkStackSize                            = 4194304                                   {product} {ergonomic}
   size_t MaxHeapSize                              = 2147483648                                {product} {command line}
   size_t MaxNewSize                               = 1287651328                                {product} {ergonomic}
   size_t MinHeapDeltaBytes                        = 1048576                                   {product} {ergonomic}
    uintx NonNMethodCodeHeapSize                   = 5830732                                {pd product} {ergonomic}
    uintx NonProfiledCodeHeapSize                  = 122913754                              {pd product} {ergonomic}
    uintx ProfiledCodeHeapSize                     = 122913754                              {pd product} {ergonomic}
    uintx ReservedCodeCacheSize                    = 251658240                              {pd product} {ergonomic}
     bool SegmentedCodeCache                       = true                                      {product} {ergonomic}
     bool UseCompressedClassPointers               = true                                 {lp64_product} {ergonomic}
     bool UseCompressedOops                        = true                                 {lp64_product} {ergonomic}
     bool UseG1GC                                  = true                                      {product} {ergonomic}
     bool UseLargePagesIndividualAllocation        = false                                  {pd product} {ergonomic}

Logging:
Log output configuration:
 #0: stdout all=warning uptime,level,tags
 #1: stderr all=off uptime,level,tags

Environment Variables:
JAVA_HOME=C:\Program Files\Java\jre1.8.0_321
JRE_HOME=C:\Program Files\Java\jre1.8.0_321
PATH=C:\Program Files (x86)\Common Files\Oracle\Java\javapath;C:\Program Files\Eclipse Foundation\jdk-8.0.302.8-hotspot\bin;C:\Windows\system32;C:\Windows;C:\Windows\System32\Wbem;C:\Windows\System32\WindowsPowerShell\v1.0\;C:\Windows\System32\OpenSSH\;C:\Program Files (x86)\NVIDIA Corporation\PhysX\Common;C:\WINDOWS\system32;C:\WINDOWS;C:\WINDOWS\System32\Wbem;C:\WINDOWS\System32\WindowsPowerShell\v1.0\;C:\WINDOWS\System32\OpenSSH\;C:\Program Files\NVIDIA Corporation\NVIDIA NvDLISR;C:\Program Files\Microsoft SQL Server\Client SDK\ODBC\170\Tools\Binn\;C:\Program Files (x86)\Microsoft SQL Server\150\Tools\Binn\;C:\Program Files\Microsoft SQL Server\150\Tools\Binn\;C:\Program Files\Microsoft SQL Server\150\DTS\Binn\;C:\Program Files (x86)\Microsoft SQL Server\150\DTS\Binn\;C:\Program Files\Azure Data Studio\bin;C:\Program Files\Microsoft SQL Server\130\Tools\Binn\;C:\Program Files\Git\cmd;C:\Program Files\nodejs\;C:\Program Files\dotnet\;C:\Program Files\MySQL\MySQL Shell 8.0\bin\;C:\Ruby26-x64\bin;C:\Users\user\AppData\Local\Microsoft\WindowsApps;C:\Users\user\AppData\Local\Microsoft\WindowsApps;C:\Program Files\Azure Data Studio\bin;C:\Users\user\AppData\Roaming\npm;C:\Program Files\JetBrains\IntelliJ IDEA 2021.2.3\bin;;C:\Users\user\.dotnet\tools
USERNAME=user
OS=Windows_NT
PROCESSOR_IDENTIFIER=Intel64 Family 6 Model 58 Stepping 9, GenuineIntel



---------------  S Y S T E M  ---------------

OS: Windows 10 , 64 bit Build 18362 (10.0.18362.1110)
OS uptime: 0 days 10:51 hours

CPU:total 4 (initial active 4) (4 cores per cpu, 1 threads per core) family 6 model 58 stepping 9 microcode 0x20, cmov, cx8, fxsr, mmx, sse, sse2, sse3, ssse3, sse4.1, sse4.2, popcnt, avx, aes, clmul, erms, tsc, tscinvbit, tscinv

Memory: 4k page, system-wide physical 16340M (5496M free)
TotalPageFile size 16404M (AvailPageFile size 10M)
current process WorkingSet (physical memory assigned to process): 547M, peak: 547M
current process commit charge ("private bytes"): 592M, peak: 593M

vm_info: OpenJDK 64-Bit Server VM (11.0.11+9-b60-7590822) for windows-amd64 JRE (11.0.11+9-b60-7590822), built on Jul 29 2021 21:43:44 by "builder" with MS VC++ 14.0 (VS2015)

END.
